mode: set
gedis/arena.go:54.39,55.22 1 1
gedis/arena.go:55.22,57.3 1 1
gedis/arena.go:58.2,63.3 1 1
gedis/arena.go:68.37,69.15 1 1
gedis/arena.go:69.15,71.3 1 1
gedis/arena.go:74.2,74.33 1 1
gedis/arena.go:74.33,76.24 2 1
gedis/arena.go:76.24,80.4 3 1
gedis/arena.go:84.2,85.31 2 1
gedis/arena.go:85.31,87.3 1 1
gedis/arena.go:89.2,92.35 4 1
gedis/arena.go:96.43,99.14 3 1
gedis/arena.go:99.14,101.3 1 1
gedis/arena.go:102.2,102.12 1 1
gedis/arena.go:106.42,108.14 2 1
gedis/arena.go:108.14,110.3 1 1
gedis/arena.go:111.2,111.12 1 1
gedis/arena.go:115.35,116.18 1 1
gedis/arena.go:116.18,118.3 1 1
gedis/arena.go:119.2,120.36 2 1
gedis/arena.go:124.48,126.2 1 1
gedis/arena.go:129.44,131.2 1 1
gedis/arena.go:134.48,136.2 1 1
gedis/arena.go:139.44,141.2 1 1
gedis/arena.go:144.48,146.2 1 1
gedis/arena.go:149.44,151.2 1 1
gedis/arena.go:154.50,156.2 1 1
gedis/arena.go:159.46,161.2 1 1
gedis/arena.go:164.44,166.2 1 1
gedis/arena.go:169.40,171.2 1 1
gedis/arena.go:174.50,176.2 1 1
gedis/arena.go:180.53,181.15 1 1
gedis/arena.go:181.15,183.3 1 1
gedis/arena.go:184.2,186.15 3 1
gedis/arena.go:191.52,193.2 1 1
gedis/arena.go:196.44,199.2 2 1
gedis/arena.go:202.37,204.2 1 1
gedis/arena.go:207.25,211.2 3 1
gedis/arena.go:215.34,217.29 2 1
gedis/arena.go:217.29,219.3 1 1
gedis/arena.go:220.2,222.16 3 1
gedis/bitmap.go:31.64,39.8 6 1
gedis/bitmap.go:39.8,43.28 3 1
gedis/bitmap.go:43.28,48.4 4 0
gedis/bitmap.go:48.9,48.26 1 1
gedis/bitmap.go:48.26,51.4 2 1
gedis/bitmap.go:52.8,54.3 1 1
gedis/bitmap.go:56.2,59.27 3 1
gedis/bitmap.go:59.27,61.3 1 1
gedis/bitmap.go:63.2,65.14 2 1
gedis/bitmap.go:65.14,67.3 1 1
gedis/bitmap.go:67.8,69.3 1 1
gedis/bitmap.go:71.2,71.8 1 1
gedis/bitmap.go:71.8,73.22 2 1
gedis/bitmap.go:73.22,75.4 1 1
gedis/bitmap.go:76.3,78.48 3 1
gedis/bitmap.go:79.8,83.3 3 1
gedis/bitmap.go:85.2,85.20 1 1
gedis/bitmap.go:89.55,94.9 4 1
gedis/bitmap.go:94.9,96.3 1 1
gedis/bitmap.go:98.2,99.17 2 1
gedis/bitmap.go:99.17,101.3 1 0
gedis/bitmap.go:103.2,104.26 2 1
gedis/bitmap.go:104.26,106.3 1 0
gedis/bitmap.go:108.2,109.43 2 1
gedis/bitmap.go:113.61,118.9 4 1
gedis/bitmap.go:118.9,120.3 1 0
gedis/bitmap.go:122.2,123.17 2 1
gedis/bitmap.go:123.17,125.3 1 0
gedis/bitmap.go:127.2,128.15 2 1
gedis/bitmap.go:128.15,130.3 1 0
gedis/bitmap.go:131.2,131.13 1 1
gedis/bitmap.go:131.13,133.3 1 1
gedis/bitmap.go:134.2,134.15 1 1
gedis/bitmap.go:134.15,136.3 1 0
gedis/bitmap.go:137.2,137.17 1 1
gedis/bitmap.go:137.17,139.3 1 0
gedis/bitmap.go:140.2,140.17 1 1
gedis/bitmap.go:140.17,142.3 1 0
gedis/bitmap.go:144.2,145.32 2 1
gedis/bitmap.go:145.32,147.3 1 1
gedis/bitmap.go:148.2,148.14 1 1
gedis/bitmap.go:154.68,159.9 4 1
gedis/bitmap.go:159.9,160.15 1 1
gedis/bitmap.go:160.15,162.4 1 1
gedis/bitmap.go:163.3,163.12 1 1
gedis/bitmap.go:166.2,167.17 2 1
gedis/bitmap.go:167.17,168.15 1 0
gedis/bitmap.go:168.15,170.4 1 0
gedis/bitmap.go:171.3,171.12 1 0
gedis/bitmap.go:174.2,175.15 2 1
gedis/bitmap.go:175.15,177.3 1 0
gedis/bitmap.go:178.2,178.13 1 1
gedis/bitmap.go:178.13,180.3 1 1
gedis/bitmap.go:181.2,181.15 1 1
gedis/bitmap.go:181.15,183.3 1 0
gedis/bitmap.go:184.2,184.17 1 1
gedis/bitmap.go:184.17,186.3 1 0
gedis/bitmap.go:187.2,187.17 1 1
gedis/bitmap.go:187.17,189.3 1 0
gedis/bitmap.go:191.2,191.32 1 1
gedis/bitmap.go:191.32,193.26 2 1
gedis/bitmap.go:193.26,195.46 2 1
gedis/bitmap.go:195.46,197.5 1 1
gedis/bitmap.go:201.2,201.14 1 1
gedis/bitmap.go:201.14,203.3 1 0
gedis/bitmap.go:204.2,204.11 1 1
gedis/bitmap.go:208.76,212.23 3 1
gedis/bitmap.go:212.23,214.3 1 0
gedis/bitmap.go:216.2,219.30 3 1
gedis/bitmap.go:219.30,221.9 2 1
gedis/bitmap.go:221.9,224.23 3 1
gedis/bitmap.go:224.23,226.5 1 1
gedis/bitmap.go:227.9,229.4 1 0
gedis/bitmap.go:232.2,234.17 2 1
gedis/bitmap.go:234.17,235.31 1 1
gedis/bitmap.go:235.31,236.25 1 1
gedis/bitmap.go:236.25,238.5 1 1
gedis/bitmap.go:238.10,240.5 1 0
gedis/bitmap.go:242.8,243.31 1 1
gedis/bitmap.go:243.31,245.43 2 1
gedis/bitmap.go:245.43,247.5 1 1
gedis/bitmap.go:248.4,248.36 1 1
gedis/bitmap.go:248.36,250.45 2 1
gedis/bitmap.go:250.45,252.6 1 1
gedis/bitmap.go:253.5,253.15 1 1
gedis/bitmap.go:254.16,255.13 1 1
gedis/bitmap.go:256.15,257.13 1 1
gedis/bitmap.go:258.16,259.13 1 1
gedis/bitmap.go:262.4,262.17 1 1
gedis/bitmap.go:266.2,266.42 1 1
gedis/bitmap.go:266.42,269.3 2 0
gedis/bitmap.go:271.2,273.12 3 1
gedis/bitmap.go:273.12,275.22 2 1
gedis/bitmap.go:275.22,277.4 1 1
gedis/bitmap.go:280.2,284.20 4 1
gedis/bitmap.go:290.72,298.8 6 1
gedis/bitmap.go:298.8,300.3 1 1
gedis/bitmap.go:300.8,302.3 1 1
gedis/bitmap.go:304.2,307.20 3 1
gedis/bitmap.go:307.20,308.23 1 1
gedis/bitmap.go:308.23,309.9 1 1
gedis/bitmap.go:312.3,318.36 6 1
gedis/bitmap.go:318.36,320.4 1 1
gedis/bitmap.go:322.3,322.13 1 1
gedis/bitmap.go:323.14,326.10 3 1
gedis/bitmap.go:327.14,328.24 1 1
gedis/bitmap.go:328.24,329.10 1 0
gedis/bitmap.go:331.4,335.10 5 1
gedis/bitmap.go:336.17,337.24 1 1
gedis/bitmap.go:337.24,338.10 1 0
gedis/bitmap.go:340.4,345.10 6 1
gedis/bitmap.go:346.11,347.7 1 1
gedis/bitmap.go:351.2,351.8 1 1
gedis/bitmap.go:351.8,353.22 2 1
gedis/bitmap.go:353.22,355.4 1 1
gedis/bitmap.go:356.3,358.48 3 1
gedis/bitmap.go:359.8,363.3 3 1
gedis/bitmap.go:365.2,365.16 1 1
gedis/bitmap.go:368.51,369.18 1 1
gedis/bitmap.go:369.18,371.3 1 0
gedis/bitmap.go:372.2,373.27 2 1
gedis/bitmap.go:373.27,378.3 4 0
gedis/bitmap.go:379.2,380.18 2 1
gedis/bitmap.go:380.18,382.3 1 0
gedis/bitmap.go:383.2,384.41 2 1
gedis/bitmap.go:406.31,408.2 1 1
gedis/bitmap.go:410.72,417.35 5 1
gedis/bitmap.go:417.35,420.22 3 1
gedis/bitmap.go:420.22,422.4 1 1
gedis/bitmap.go:423.3,423.50 1 1
gedis/bitmap.go:426.2,430.40 4 1
gedis/bitmap.go:430.40,432.3 1 1
gedis/bitmap.go:434.2,434.19 1 1
gedis/bitmap.go:437.73,444.29 5 1
gedis/bitmap.go:444.29,446.3 1 1
gedis/bitmap.go:448.2,451.40 3 1
gedis/bitmap.go:451.40,453.23 2 1
gedis/bitmap.go:453.23,454.9 1 0
gedis/bitmap.go:457.3,461.13 4 1
gedis/bitmap.go:461.13,463.4 1 1
gedis/bitmap.go:464.3,464.25 1 1
gedis/bitmap.go:464.25,466.26 2 1
gedis/bitmap.go:466.26,468.5 1 1
gedis/bitmap.go:469.4,469.34 1 1
gedis/bitmap.go:472.3,473.13 2 1
gedis/bitmap.go:473.13,477.4 3 1
gedis/bitmap.go:477.9,477.32 1 1
gedis/bitmap.go:477.32,480.4 2 1
gedis/bitmap.go:480.9,482.4 1 1
gedis/bitmap.go:485.2,485.13 1 1
gedis/bitmap.go:488.44,489.17 1 1
gedis/bitmap.go:489.17,491.3 1 0
gedis/bitmap.go:493.2,495.17 3 1
gedis/bitmap.go:495.17,498.3 2 1
gedis/bitmap.go:500.2,501.34 2 1
gedis/bitmap.go:501.34,502.31 1 1
gedis/bitmap.go:502.31,504.4 1 0
gedis/bitmap.go:505.3,505.33 1 1
gedis/bitmap.go:508.2,508.9 1 1
gedis/bitmap.go:508.9,510.3 1 1
gedis/bitmap.go:511.2,511.18 1 1
gedis/cell.go:40.41,40.59 1 1
gedis/cell.go:41.41,41.63 1 1
gedis/cell.go:42.41,42.64 1 1
gedis/cell.go:43.41,43.64 1 1
gedis/cell.go:44.41,44.64 1 1
gedis/cell.go:46.92,60.8 10 1
gedis/cell.go:60.8,67.3 6 1
gedis/cell.go:67.8,83.3 13 1
gedis/cell.go:85.2,86.17 2 1
gedis/cell.go:86.17,88.23 2 0
gedis/cell.go:88.23,90.25 2 0
gedis/cell.go:90.25,92.5 1 0
gedis/cell.go:93.4,93.20 1 0
gedis/cell.go:97.2,98.13 2 1
gedis/cell.go:98.13,100.3 1 1
gedis/cell.go:102.2,106.32 4 1
gedis/cell.go:106.32,108.3 1 1
gedis/cell.go:110.2,111.41 2 1
gedis/cell.go:111.41,114.3 2 1
gedis/cell.go:116.2,121.3 1 1
gedis/cell.go:124.42,130.9 5 1
gedis/cell.go:130.9,132.3 1 0
gedis/cell.go:134.2,138.79 4 1
gedis/dict.go:46.34,54.36 3 1
gedis/dict.go:54.36,56.3 1 1
gedis/dict.go:57.2,57.10 1 1
gedis/dict.go:62.35,66.2 3 1
gedis/dict.go:69.48,79.2 4 1
gedis/dict.go:82.40,82.77 1 1
gedis/dict.go:83.40,83.81 1 1
gedis/dict.go:85.53,88.2 2 1
gedis/dict.go:90.54,94.2 3 1
gedis/dict.go:97.43,99.2 1 1
gedis/dict.go:102.55,103.17 1 1
gedis/dict.go:103.17,105.3 1 0
gedis/dict.go:106.2,107.22 2 1
gedis/dict.go:107.22,109.3 1 1
gedis/dict.go:110.2,111.28 2 1
gedis/dict.go:111.28,112.26 1 1
gedis/dict.go:112.26,114.4 1 1
gedis/dict.go:116.2,116.13 1 1
gedis/dict.go:120.44,121.41 1 1
gedis/dict.go:121.41,123.3 1 1
gedis/dict.go:125.2,128.6 3 1
gedis/dict.go:128.6,130.42 2 1
gedis/dict.go:130.42,131.17 1 1
gedis/dict.go:131.17,135.5 3 1
gedis/dict.go:135.10,137.5 1 1
gedis/dict.go:138.4,138.10 1 1
gedis/dict.go:140.3,140.27 1 1
gedis/dict.go:145.54,149.6 3 1
gedis/dict.go:149.6,151.16 2 1
gedis/dict.go:151.16,153.4 1 1
gedis/dict.go:154.3,154.29 1 1
gedis/dict.go:154.29,156.4 1 1
gedis/dict.go:157.3,157.27 1 1
gedis/dict.go:162.37,166.6 3 1
gedis/dict.go:166.6,168.16 2 1
gedis/dict.go:168.16,170.4 1 1
gedis/dict.go:171.3,171.29 1 1
gedis/dict.go:171.29,175.4 3 1
gedis/dict.go:176.3,176.27 1 1
gedis/dict.go:181.25,192.31 8 1
gedis/dict.go:192.31,195.3 2 1
gedis/dict.go:197.2,197.31 1 1
gedis/dict.go:197.31,199.16 2 1
gedis/dict.go:199.16,200.12 1 1
gedis/dict.go:202.3,204.19 3 1
gedis/dict.go:209.32,211.25 2 1
gedis/dict.go:211.25,214.3 2 1
gedis/dict.go:215.2,215.10 1 1
gedis/dict.go:219.32,226.2 6 1
gedis/dict.go:229.31,234.2 4 1
gedis/geo.go:39.45,44.38 4 1
gedis/geo.go:44.38,46.15 2 1
gedis/geo.go:46.15,48.18 2 1
gedis/geo.go:48.18,51.5 2 1
gedis/geo.go:51.10,53.5 1 1
gedis/geo.go:54.9,56.18 2 1
gedis/geo.go:56.18,59.5 2 1
gedis/geo.go:59.10,61.5 1 1
gedis/geo.go:64.2,64.13 1 1
gedis/geo.go:68.52,72.38 3 1
gedis/geo.go:72.38,74.15 2 1
gedis/geo.go:74.15,76.16 2 1
gedis/geo.go:76.16,78.5 1 1
gedis/geo.go:78.10,80.5 1 1
gedis/geo.go:81.9,83.16 2 1
gedis/geo.go:83.16,85.5 1 1
gedis/geo.go:85.10,87.5 1 1
gedis/geo.go:91.2,93.8 3 1
gedis/geo.go:97.76,104.2 6 1
gedis/geo.go:107.72,110.18 3 1
gedis/geo.go:110.18,112.3 1 1
gedis/geo.go:114.2,116.14 2 1
gedis/geo.go:117.11,118.14 1 1
gedis/geo.go:119.12,120.21 1 1
gedis/geo.go:121.12,122.24 1 0
gedis/geo.go:123.12,124.23 1 0
gedis/geo.go:125.10,126.14 1 1
gedis/geo.go:134.90,140.9 5 1
gedis/geo.go:140.9,142.3 1 1
gedis/geo.go:144.2,147.32 3 1
gedis/geo.go:147.32,149.3 1 0
gedis/geo.go:151.2,157.13 5 1
gedis/geo.go:157.13,165.27 6 1
gedis/geo.go:165.27,167.4 1 1
gedis/geo.go:169.3,169.67 1 1
gedis/geo.go:172.2,173.15 2 1
gedis/geo.go:180.96,182.9 2 1
gedis/geo.go:182.9,184.3 1 1
gedis/geo.go:185.2,185.50 1 1
gedis/geo.go:188.71,194.33 4 1
gedis/geo.go:194.33,196.9 2 1
gedis/geo.go:196.9,198.4 1 1
gedis/geo.go:198.9,200.4 1 1
gedis/geo.go:203.2,203.15 1 1
gedis/geo.go:206.94,210.12 4 1
gedis/geo.go:210.12,212.3 1 1
gedis/geo.go:214.2,216.29 3 1
gedis/geo.go:219.64,231.2 7 1
gedis/geo.go:233.36,235.2 1 1
gedis/geo.go:237.56,238.14 1 1
gedis/geo.go:239.11,240.13 1 1
gedis/geo.go:241.12,242.20 1 0
gedis/geo.go:243.12,244.23 1 0
gedis/geo.go:245.12,246.22 1 0
gedis/geo.go:247.10,248.13 1 0
gedis/graph.go:50.101,58.12 6 1
gedis/graph.go:58.12,60.22 2 0
gedis/graph.go:60.22,62.4 1 0
gedis/graph.go:63.3,64.43 2 0
gedis/graph.go:65.8,68.3 2 1
gedis/graph.go:70.2,70.31 1 1
gedis/graph.go:70.31,75.3 4 1
gedis/graph.go:78.114,88.12 8 1
gedis/graph.go:88.12,90.22 2 0
gedis/graph.go:90.22,92.4 1 0
gedis/graph.go:93.3,94.43 2 0
gedis/graph.go:95.8,98.3 2 1
gedis/graph.go:100.2,106.13 6 1
gedis/graph.go:109.80,116.39 5 1
gedis/graph.go:116.39,118.3 1 1
gedis/graph.go:120.2,120.17 1 0
gedis/graph.go:123.85,125.71 2 1
gedis/graph.go:125.71,128.3 2 1
gedis/graph.go:130.2,134.20 4 1
gedis/graph.go:134.20,136.3 1 1
gedis/graph.go:138.2,144.53 6 1
gedis/graph.go:144.53,146.3 1 1
gedis/graph.go:148.2,149.56 2 1
gedis/graph.go:149.56,153.3 3 1
gedis/graph.go:153.8,155.3 1 0
gedis/graph.go:157.2,160.24 4 1
gedis/graph.go:160.24,162.3 1 0
gedis/graph.go:164.2,167.24 4 1
gedis/graph.go:167.24,169.3 1 0
gedis/graph.go:171.2,174.26 4 1
gedis/graph.go:174.26,176.3 1 0
gedis/graph.go:178.2,181.25 3 1
gedis/graph.go:181.25,183.3 1 1
gedis/graph.go:185.2,185.34 1 1
gedis/graph.go:185.34,187.40 2 0
gedis/graph.go:187.40,189.23 2 0
gedis/graph.go:189.23,190.13 1 0
gedis/graph.go:193.4,194.25 2 0
gedis/graph.go:194.25,197.35 3 0
gedis/graph.go:197.35,198.25 1 0
gedis/graph.go:198.25,200.12 2 0
gedis/graph.go:203.5,203.15 1 0
gedis/graph.go:203.15,204.14 1 0
gedis/graph.go:208.4,216.37 5 0
gedis/graph.go:220.2,225.21 5 1
gedis/graph.go:228.72,229.17 1 1
gedis/graph.go:229.17,231.3 1 1
gedis/graph.go:232.2,234.20 3 0
gedis/graph.go:234.20,236.3 1 0
gedis/graph.go:237.2,238.37 2 0
gedis/graph.go:238.37,240.3 1 0
gedis/graph.go:241.2,242.15 2 0
gedis/graph.go:245.61,248.2 2 1
gedis/graph.go:250.82,254.37 4 0
gedis/graph.go:254.37,256.3 1 0
gedis/graph.go:257.2,257.15 1 0
gedis/graph.go:260.70,263.9 3 0
gedis/graph.go:263.9,265.3 1 0
gedis/graph.go:267.2,268.18 2 0
gedis/graph.go:268.18,270.3 1 0
gedis/graph.go:271.2,279.3 4 0
gedis/graph.go:282.68,285.9 3 0
gedis/graph.go:285.9,287.3 1 0
gedis/graph.go:289.2,290.18 2 0
gedis/graph.go:290.18,292.3 1 0
gedis/graph.go:293.2,297.20 4 0
gedis/graph.go:297.20,299.3 1 0
gedis/graph.go:300.2,300.14 1 0
gedis/graph.go:303.72,305.36 2 0
gedis/graph.go:305.36,307.3 1 0
gedis/graph.go:309.2,315.13 2 0
gedis/graph.go:318.76,321.26 3 1
gedis/graph.go:321.26,323.3 1 1
gedis/graph.go:324.2,324.33 1 1
gedis/graph.go:327.85,331.38 3 0
gedis/graph.go:331.38,333.3 1 0
gedis/graph.go:333.8,335.3 1 0
gedis/graph.go:337.2,337.33 1 0
gedis/graph.go:337.33,339.19 2 0
gedis/graph.go:339.19,341.4 1 0
gedis/graph.go:343.2,343.8 1 0
gedis/hash.go:28.69,33.2 4 1
gedis/hash.go:36.82,44.9 6 1
gedis/hash.go:44.9,51.3 6 1
gedis/hash.go:53.2,56.31 3 1
gedis/hash.go:56.31,60.29 4 1
gedis/hash.go:60.29,61.57 1 1
gedis/hash.go:61.57,66.5 4 1
gedis/hash.go:67.4,68.47 2 1
gedis/hash.go:71.3,74.11 4 1
gedis/hash.go:77.2,77.10 1 0
gedis/hash.go:81.73,87.9 5 1
gedis/hash.go:87.9,89.3 1 1
gedis/hash.go:91.2,94.31 3 1
gedis/hash.go:94.31,98.29 4 1
gedis/hash.go:98.29,99.60 1 1
gedis/hash.go:99.60,104.5 4 1
gedis/hash.go:105.4,106.47 2 1
gedis/hash.go:108.3,108.20 1 1
gedis/hash.go:111.2,111.19 1 0
gedis/hash.go:114.59,120.9 5 1
gedis/hash.go:120.9,122.3 1 1
gedis/hash.go:124.2,127.31 3 1
gedis/hash.go:127.31,130.32 3 1
gedis/hash.go:130.32,133.30 3 1
gedis/hash.go:133.30,134.61 1 1
gedis/hash.go:134.61,138.11 4 1
gedis/hash.go:140.5,141.48 2 1
gedis/hash.go:144.3,145.39 2 1
gedis/hash.go:145.39,148.4 2 1
gedis/hash.go:149.3,149.17 1 1
gedis/hash.go:152.2,152.10 1 0
gedis/hash.go:157.49,163.9 5 1
gedis/hash.go:163.9,165.3 1 1
gedis/hash.go:167.2,170.31 3 1
gedis/hash.go:170.31,174.26 4 1
gedis/hash.go:174.26,177.4 2 1
gedis/hash.go:178.3,179.16 2 1
gedis/hash.go:182.2,182.12 1 0
gedis/hash.go:185.80,192.9 5 1
gedis/hash.go:192.9,200.3 7 1
gedis/hash.go:202.2,205.31 3 1
gedis/hash.go:205.31,209.29 4 1
gedis/hash.go:209.29,210.60 1 1
gedis/hash.go:210.60,213.19 3 1
gedis/hash.go:213.19,215.6 1 0
gedis/hash.go:216.5,221.23 6 1
gedis/hash.go:223.4,224.47 2 1
gedis/hash.go:227.3,231.18 5 1
gedis/hash.go:234.2,234.15 1 0
gedis/hash.go:237.58,243.9 5 1
gedis/hash.go:243.9,245.3 1 1
gedis/hash.go:247.2,250.31 3 1
gedis/hash.go:250.31,254.29 4 1
gedis/hash.go:254.29,255.60 1 1
gedis/hash.go:255.60,258.5 2 1
gedis/hash.go:259.4,260.47 2 1
gedis/hash.go:263.2,263.10 1 1
gedis/hash.go:266.70,272.9 5 1
gedis/hash.go:272.9,274.3 1 1
gedis/hash.go:276.2,279.31 3 1
gedis/hash.go:279.31,282.13 3 1
gedis/hash.go:282.13,284.4 1 0
gedis/hash.go:286.3,287.41 2 1
gedis/hash.go:287.41,290.31 3 1
gedis/hash.go:290.31,292.5 1 1
gedis/hash.go:293.4,296.31 4 1
gedis/hash.go:298.3,298.16 1 1
gedis/hash.go:300.2,300.12 1 0
gedis/hash.go:303.59,309.2 4 1
gedis/hash.go:311.41,317.9 5 1
gedis/hash.go:317.9,319.3 1 1
gedis/hash.go:321.2,324.31 3 1
gedis/hash.go:324.31,326.3 1 1
gedis/hash.go:328.2,328.10 1 0
gedis/hash.go:331.75,332.15 1 1
gedis/hash.go:332.15,334.3 1 0
gedis/hash.go:335.2,336.16 2 1
gedis/hash.go:336.16,338.3 1 1
gedis/hash.go:340.2,344.29 4 1
gedis/hash.go:344.29,346.3 1 1
gedis/hash.go:348.2,349.15 2 1
gedis/hash.go:349.15,351.32 2 1
gedis/hash.go:351.32,353.4 1 0
gedis/hash.go:354.3,354.55 1 1
gedis/hash.go:357.2,369.20 9 1
gedis/hash.go:369.20,372.3 2 1
gedis/hash.go:374.2,376.20 2 1
gedis/hash.go:376.20,389.24 11 1
gedis/hash.go:389.24,392.4 2 1
gedis/hash.go:395.2,399.16 4 1
gedis/hash.go:399.16,401.3 1 0
gedis/hash.go:401.8,403.3 1 1
gedis/hash.go:405.2,406.15 2 1
gedis/hash.go:409.78,417.9 6 1
gedis/hash.go:417.9,419.39 2 1
gedis/hash.go:419.39,422.4 2 1
gedis/hash.go:423.3,425.24 3 1
gedis/hash.go:428.2,431.31 3 1
gedis/hash.go:431.31,433.39 2 1
gedis/hash.go:433.39,435.17 2 1
gedis/hash.go:435.17,438.5 2 1
gedis/hash.go:439.4,440.64 2 1
gedis/hash.go:442.3,442.41 1 1
gedis/hash.go:444.2,444.23 1 1
gedis/hash.go:447.72,453.9 5 1
gedis/hash.go:453.9,455.26 2 1
gedis/hash.go:455.26,457.4 1 1
gedis/hash.go:458.3,458.17 1 1
gedis/hash.go:461.2,465.31 4 1
gedis/hash.go:465.31,470.32 4 1
gedis/hash.go:470.32,473.30 3 1
gedis/hash.go:473.30,474.65 1 1
gedis/hash.go:474.65,476.25 2 1
gedis/hash.go:476.25,478.7 1 1
gedis/hash.go:479.6,480.11 2 1
gedis/hash.go:482.5,483.56 2 1
gedis/hash.go:485.4,485.14 1 1
gedis/hash.go:485.14,487.5 1 1
gedis/hash.go:490.2,490.16 1 1
gedis/hash.go:493.47,499.9 5 1
gedis/hash.go:499.9,501.3 1 1
gedis/hash.go:503.2,506.31 3 1
gedis/hash.go:506.31,510.29 4 1
gedis/hash.go:510.29,512.23 2 1
gedis/hash.go:512.23,514.5 1 1
gedis/hash.go:516.3,516.14 1 1
gedis/hash.go:518.2,518.12 1 0
gedis/hash.go:521.54,527.9 5 1
gedis/hash.go:527.9,529.3 1 1
gedis/hash.go:531.2,534.31 3 1
gedis/hash.go:534.31,538.29 4 1
gedis/hash.go:538.29,540.23 2 1
gedis/hash.go:540.23,542.5 1 1
gedis/hash.go:544.3,544.14 1 1
gedis/hash.go:546.2,546.12 1 0
gedis/hash.go:549.79,556.9 5 0
gedis/hash.go:556.9,563.3 6 0
gedis/hash.go:565.2,568.31 3 0
gedis/hash.go:568.31,572.29 4 0
gedis/hash.go:572.29,573.60 1 0
gedis/hash.go:573.60,575.5 1 0
gedis/hash.go:576.4,577.47 2 0
gedis/hash.go:580.3,583.14 4 0
gedis/hash.go:585.2,585.14 1 0
gedis/hash.go:588.89,595.9 5 0
gedis/hash.go:595.9,603.3 7 0
gedis/hash.go:605.2,608.31 3 0
gedis/hash.go:608.31,612.29 4 0
gedis/hash.go:612.29,613.60 1 0
gedis/hash.go:613.60,616.19 3 0
gedis/hash.go:616.19,618.6 1 0
gedis/hash.go:619.5,624.23 6 0
gedis/hash.go:626.4,627.47 2 0
gedis/hash.go:630.3,634.18 5 0
gedis/hash.go:636.2,636.15 1 0
gedis/hyperloglog.go:38.62,40.2 1 1
gedis/hyperloglog.go:44.75,46.32 2 1
gedis/hyperloglog.go:46.32,48.3 1 1
gedis/hyperloglog.go:49.2,49.32 1 1
gedis/hyperloglog.go:52.65,60.8 6 1
gedis/hyperloglog.go:60.8,62.56 2 1
gedis/hyperloglog.go:62.56,63.19 1 0
gedis/hyperloglog.go:63.19,65.5 1 0
gedis/hyperloglog.go:66.4,67.43 2 0
gedis/hyperloglog.go:69.8,73.3 3 1
gedis/hyperloglog.go:75.2,78.32 3 1
gedis/hyperloglog.go:78.32,82.18 4 1
gedis/hyperloglog.go:82.18,84.4 1 0
gedis/hyperloglog.go:86.3,87.22 2 1
gedis/hyperloglog.go:87.22,90.4 2 1
gedis/hyperloglog.go:93.2,93.16 1 1
gedis/hyperloglog.go:98.50,102.20 3 1
gedis/hyperloglog.go:102.20,104.3 1 0
gedis/hyperloglog.go:106.2,106.20 1 1
gedis/hyperloglog.go:106.20,108.10 2 1
gedis/hyperloglog.go:108.10,110.4 1 1
gedis/hyperloglog.go:111.3,112.19 2 1
gedis/hyperloglog.go:112.19,114.4 1 0
gedis/hyperloglog.go:115.3,115.59 1 1
gedis/hyperloglog.go:118.2,122.27 4 0
gedis/hyperloglog.go:122.27,124.10 2 0
gedis/hyperloglog.go:124.10,125.12 1 0
gedis/hyperloglog.go:127.3,128.19 2 0
gedis/hyperloglog.go:128.19,129.12 1 0
gedis/hyperloglog.go:131.3,133.12 2 0
gedis/hyperloglog.go:133.12,136.12 3 0
gedis/hyperloglog.go:139.3,139.37 1 0
gedis/hyperloglog.go:139.37,142.13 3 0
gedis/hyperloglog.go:142.13,144.5 1 0
gedis/hyperloglog.go:148.2,150.15 3 0
gedis/hyperloglog.go:154.60,162.30 6 1
gedis/hyperloglog.go:162.30,164.10 2 1
gedis/hyperloglog.go:164.10,165.12 1 1
gedis/hyperloglog.go:167.3,168.19 2 1
gedis/hyperloglog.go:168.19,169.12 1 0
gedis/hyperloglog.go:171.3,173.12 2 1
gedis/hyperloglog.go:173.12,176.12 3 1
gedis/hyperloglog.go:179.3,179.37 1 1
gedis/hyperloglog.go:179.37,182.13 3 1
gedis/hyperloglog.go:182.13,184.5 1 1
gedis/hyperloglog.go:188.2,190.12 3 1
gedis/hyperloglog.go:190.12,192.22 2 0
gedis/hyperloglog.go:192.22,194.4 1 0
gedis/hyperloglog.go:197.2,201.12 5 1
gedis/hyperloglog.go:201.12,204.3 2 0
gedis/hyperloglog.go:204.8,207.3 2 1
gedis/hyperloglog.go:211.52,212.25 1 1
gedis/hyperloglog.go:212.25,214.3 1 0
gedis/hyperloglog.go:215.2,219.25 4 1
gedis/hyperloglog.go:219.25,222.3 2 1
gedis/hyperloglog.go:224.2,227.32 4 1
gedis/hyperloglog.go:227.32,229.3 1 1
gedis/hyperloglog.go:230.2,230.12 1 1
gedis/hyperloglog.go:234.57,235.26 1 1
gedis/hyperloglog.go:235.26,237.3 1 0
gedis/hyperloglog.go:238.2,242.25 4 1
gedis/hyperloglog.go:242.25,248.3 5 1
gedis/hyperloglog.go:250.2,257.32 6 1
gedis/hyperloglog.go:257.32,261.3 3 1
gedis/hyperloglog.go:265.42,269.36 3 1
gedis/hyperloglog.go:269.36,272.15 3 1
gedis/hyperloglog.go:272.15,274.4 1 1
gedis/hyperloglog.go:277.2,280.43 3 1
gedis/hyperloglog.go:280.43,281.16 1 1
gedis/hyperloglog.go:281.16,283.4 1 1
gedis/hyperloglog.go:286.2,286.24 1 1
gedis/hyperloglog.go:290.39,303.31 4 1
gedis/hyperloglog.go:303.31,327.3 17 0
gedis/hyperloglog.go:329.2,332.19 3 1
gedis/hyperloglog.go:333.10,335.14 2 0
gedis/hyperloglog.go:336.10,338.14 2 0
gedis/hyperloglog.go:339.10,341.14 2 0
gedis/hyperloglog.go:342.10,344.14 2 0
gedis/hyperloglog.go:345.10,347.14 2 0
gedis/hyperloglog.go:348.10,350.14 2 0
gedis/hyperloglog.go:351.9,357.14 6 0
gedis/hyperloglog.go:358.9,360.14 2 0
gedis/hyperloglog.go:361.9,363.14 2 1
gedis/hyperloglog.go:364.9,366.14 2 1
gedis/hyperloglog.go:367.9,369.14 2 1
gedis/hyperloglog.go:370.9,372.14 2 1
gedis/hyperloglog.go:373.9,375.14 2 1
gedis/hyperloglog.go:376.9,378.14 2 1
gedis/hyperloglog.go:379.9,384.11 5 1
gedis/hyperloglog.go:387.2,405.16 15 1
gedis/hyperloglog.go:409.39,410.12 1 1
gedis/hyperloglog.go:410.12,412.3 1 0
gedis/hyperloglog.go:413.2,415.19 3 1
gedis/hyperloglog.go:415.19,418.3 2 1
gedis/hyperloglog.go:419.2,419.15 1 1
gedis/json.go:33.78,39.32 4 1
gedis/json.go:39.32,41.3 1 1
gedis/json.go:43.2,46.8 3 1
gedis/json.go:46.8,49.44 3 1
gedis/json.go:49.44,52.53 3 1
gedis/json.go:52.53,54.5 1 0
gedis/json.go:55.4,55.26 1 1
gedis/json.go:57.8,59.3 1 1
gedis/json.go:61.2,61.16 1 1
gedis/json.go:61.16,62.50 1 1
gedis/json.go:62.50,64.4 1 1
gedis/json.go:64.9,66.4 1 0
gedis/json.go:67.8,70.3 2 1
gedis/json.go:72.2,73.16 2 1
gedis/json.go:73.16,75.3 1 0
gedis/json.go:77.2,79.8 2 1
gedis/json.go:79.8,81.3 1 1
gedis/json.go:81.8,84.3 2 1
gedis/json.go:86.2,86.12 1 1
gedis/json.go:90.74,95.9 4 1
gedis/json.go:95.9,97.3 1 0
gedis/json.go:99.2,101.43 3 1
gedis/json.go:101.43,103.3 1 0
gedis/json.go:105.2,109.51 4 1
gedis/json.go:109.51,111.3 1 0
gedis/json.go:113.2,113.46 1 1
gedis/json.go:113.46,115.3 1 1
gedis/json.go:117.2,118.37 2 1
gedis/json.go:122.59,128.9 5 1
gedis/json.go:128.9,130.3 1 0
gedis/json.go:132.2,134.43 3 1
gedis/json.go:134.43,136.3 1 0
gedis/json.go:138.2,142.51 4 1
gedis/json.go:142.51,144.3 1 0
gedis/json.go:146.2,146.46 1 1
gedis/json.go:146.46,151.3 4 1
gedis/json.go:153.2,157.16 4 1
gedis/json.go:157.16,159.3 1 0
gedis/json.go:161.2,164.12 4 1
gedis/json.go:167.88,173.9 5 1
gedis/json.go:173.9,175.3 1 1
gedis/json.go:177.2,179.43 3 1
gedis/json.go:179.43,181.3 1 0
gedis/json.go:183.2,187.51 4 1
gedis/json.go:187.51,189.3 1 0
gedis/json.go:191.2,193.45 3 1
gedis/json.go:193.45,196.3 2 1
gedis/json.go:198.2,199.16 2 1
gedis/json.go:199.16,201.3 1 0
gedis/json.go:203.2,206.12 4 1
gedis/json.go:209.69,211.16 2 1
gedis/json.go:211.16,213.3 1 0
gedis/json.go:214.2,214.47 1 1
gedis/json.go:214.47,216.3 1 1
gedis/json.go:217.2,217.15 1 0
gedis/json.go:220.42,228.26 6 1
gedis/json.go:228.26,229.16 1 1
gedis/json.go:229.16,230.21 1 0
gedis/json.go:230.21,233.5 2 0
gedis/json.go:234.4,234.20 1 0
gedis/json.go:235.9,235.23 1 1
gedis/json.go:235.23,240.4 4 0
gedis/json.go:240.9,240.37 1 1
gedis/json.go:240.37,241.21 1 1
gedis/json.go:241.21,244.5 2 1
gedis/json.go:245.9,247.4 1 1
gedis/json.go:250.2,250.19 1 1
gedis/json.go:250.19,252.3 1 1
gedis/json.go:254.2,254.14 1 1
gedis/json.go:257.81,258.21 1 1
gedis/json.go:258.21,260.3 1 0
gedis/json.go:262.2,262.21 1 1
gedis/json.go:262.21,265.3 2 1
gedis/json.go:267.2,268.34 2 1
gedis/json.go:268.34,269.53 1 1
gedis/json.go:269.53,272.4 2 1
gedis/json.go:275.2,277.39 3 0
gedis/json.go:280.74,281.21 1 1
gedis/json.go:281.21,283.3 1 0
gedis/json.go:285.2,285.48 1 1
gedis/json.go:285.48,286.22 1 1
gedis/json.go:286.22,288.4 1 1
gedis/json.go:288.9,288.45 1 0
gedis/json.go:288.45,289.55 1 0
gedis/json.go:289.55,291.5 1 0
gedis/json.go:296.64,297.21 1 1
gedis/json.go:297.21,299.3 1 0
gedis/json.go:301.2,301.48 1 1
gedis/json.go:301.48,302.33 1 1
gedis/json.go:302.33,303.23 1 1
gedis/json.go:303.23,305.5 1 1
gedis/json.go:306.4,306.38 1 1
gedis/json.go:310.2,310.41 1 1
gedis/json.go:310.41,312.47 2 0
gedis/json.go:312.47,314.4 1 0
gedis/json.go:315.3,315.22 1 0
gedis/json.go:315.22,317.4 1 0
gedis/json.go:318.3,318.42 1 0
gedis/json.go:321.2,321.12 1 1
gedis/json.go:324.62,325.21 1 1
gedis/json.go:325.21,327.3 1 0
gedis/json.go:329.2,329.21 1 1
gedis/json.go:329.21,332.3 2 1
gedis/json.go:334.2,335.29 2 0
gedis/json.go:335.29,336.48 1 0
gedis/json.go:336.48,338.19 2 0
gedis/json.go:338.19,340.5 1 0
gedis/list.go:30.45,34.2 3 1
gedis/list.go:37.60,39.27 2 1
gedis/list.go:39.27,41.3 1 1
gedis/list.go:42.2,43.25 2 1
gedis/list.go:43.25,45.3 1 1
gedis/list.go:46.2,46.15 1 1
gedis/list.go:50.73,57.9 5 1
gedis/list.go:57.9,59.28 2 1
gedis/list.go:59.28,61.4 1 1
gedis/list.go:62.3,64.37 3 1
gedis/list.go:67.2,70.31 3 0
gedis/list.go:70.31,72.28 2 0
gedis/list.go:72.28,74.4 1 0
gedis/list.go:75.3,76.37 2 0
gedis/list.go:79.2,79.10 1 0
gedis/list.go:83.60,85.27 2 1
gedis/list.go:85.27,87.3 1 1
gedis/list.go:88.2,89.25 2 1
gedis/list.go:89.25,91.3 1 1
gedis/list.go:92.2,92.15 1 1
gedis/list.go:96.73,103.9 5 1
gedis/list.go:103.9,105.28 2 1
gedis/list.go:105.28,107.4 1 1
gedis/list.go:108.3,110.37 3 1
gedis/list.go:113.2,116.31 3 1
gedis/list.go:116.31,118.28 2 1
gedis/list.go:118.28,120.4 1 1
gedis/list.go:121.3,122.37 2 1
gedis/list.go:125.2,125.10 1 0
gedis/list.go:129.59,135.9 5 1
gedis/list.go:135.9,137.3 1 1
gedis/list.go:139.2,142.31 3 1
gedis/list.go:142.31,145.13 3 1
gedis/list.go:145.13,147.4 1 0
gedis/list.go:148.3,152.39 5 1
gedis/list.go:152.39,155.4 2 1
gedis/list.go:156.3,156.18 1 1
gedis/list.go:159.2,159.19 1 0
gedis/list.go:163.59,169.9 5 1
gedis/list.go:169.9,171.3 1 1
gedis/list.go:173.2,176.31 3 1
gedis/list.go:176.31,179.13 3 1
gedis/list.go:179.13,181.4 1 0
gedis/list.go:182.3,186.39 5 1
gedis/list.go:186.39,189.4 2 1
gedis/list.go:190.3,190.18 1 1
gedis/list.go:193.2,193.19 1 0
gedis/list.go:197.72,203.9 5 1
gedis/list.go:203.9,205.3 1 1
gedis/list.go:207.2,210.31 3 1
gedis/list.go:210.31,213.16 3 1
gedis/list.go:213.16,215.4 1 1
gedis/list.go:216.3,216.30 1 1
gedis/list.go:216.30,218.4 1 1
gedis/list.go:219.3,220.33 2 1
gedis/list.go:223.2,223.19 1 0
gedis/list.go:227.65,233.9 5 1
gedis/list.go:233.9,235.3 1 1
gedis/list.go:237.2,240.31 3 1
gedis/list.go:240.31,243.16 3 1
gedis/list.go:243.16,245.4 1 1
gedis/list.go:246.3,246.15 1 1
gedis/list.go:246.15,248.4 1 1
gedis/list.go:249.3,249.16 1 1
gedis/list.go:249.16,251.4 1 1
gedis/list.go:252.3,252.16 1 1
gedis/list.go:252.16,254.4 1 1
gedis/list.go:255.3,255.19 1 1
gedis/list.go:255.19,257.4 1 0
gedis/list.go:259.3,260.34 2 1
gedis/list.go:260.34,263.4 2 1
gedis/list.go:264.3,265.16 2 1
gedis/list.go:268.2,268.12 1 0
gedis/list.go:271.41,277.9 5 1
gedis/list.go:277.9,279.3 1 1
gedis/list.go:281.2,284.31 3 1
gedis/list.go:284.31,286.3 1 1
gedis/list.go:288.2,288.10 1 0
gedis/list.go:291.60,297.9 5 1
gedis/list.go:297.9,299.3 1 1
gedis/list.go:301.2,304.31 3 1
gedis/list.go:304.31,307.13 3 1
gedis/list.go:307.13,309.4 1 0
gedis/list.go:311.3,311.16 1 1
gedis/list.go:311.16,313.4 1 0
gedis/list.go:314.3,314.15 1 1
gedis/list.go:314.15,316.4 1 1
gedis/list.go:317.3,317.16 1 1
gedis/list.go:317.16,319.4 1 0
gedis/list.go:320.3,320.16 1 1
gedis/list.go:320.16,322.4 1 1
gedis/list.go:323.3,323.33 1 1
gedis/list.go:323.33,327.4 3 1
gedis/list.go:329.3,330.23 2 1
gedis/list.go:330.23,334.4 3 0
gedis/list.go:336.3,337.34 2 1
gedis/list.go:337.34,340.4 2 1
gedis/list.go:342.3,343.14 2 1
gedis/list.go:345.2,345.14 1 0
gedis/list.go:348.94,354.12 5 1
gedis/list.go:354.12,356.3 1 1
gedis/list.go:358.2,363.11 5 1
gedis/list.go:363.11,366.3 2 1
gedis/list.go:368.2,374.34 5 1
gedis/list.go:374.34,376.13 2 1
gedis/list.go:376.13,378.4 1 0
gedis/list.go:380.3,380.23 1 1
gedis/list.go:380.23,383.4 2 1
gedis/list.go:383.9,386.4 2 1
gedis/list.go:389.2,389.22 1 1
gedis/list.go:389.22,390.45 1 1
gedis/list.go:390.45,393.4 2 1
gedis/list.go:393.9,395.4 1 1
gedis/list.go:398.2,398.43 1 1
gedis/list.go:398.43,399.23 1 1
gedis/list.go:399.23,402.4 2 1
gedis/list.go:402.9,405.4 2 0
gedis/list.go:406.8,408.23 2 1
gedis/list.go:408.23,410.4 1 1
gedis/list.go:410.9,412.4 1 1
gedis/list.go:413.3,414.42 2 1
gedis/list.go:417.2,417.19 1 1
gedis/list.go:420.75,422.2 1 1
gedis/list.go:424.86,429.2 4 1
gedis/list.go:431.99,437.9 5 1
gedis/list.go:437.9,439.3 1 1
gedis/list.go:441.2,444.31 3 1
gedis/list.go:444.31,447.13 3 1
gedis/list.go:447.13,449.4 1 0
gedis/list.go:451.3,453.26 3 1
gedis/list.go:453.26,455.26 2 1
gedis/list.go:455.26,457.10 2 1
gedis/list.go:459.4,459.47 1 1
gedis/list.go:462.3,462.21 1 1
gedis/list.go:462.21,464.4 1 1
gedis/list.go:466.3,467.23 2 1
gedis/list.go:467.23,469.4 1 1
gedis/list.go:469.9,469.31 1 1
gedis/list.go:469.31,471.4 1 1
gedis/list.go:471.9,473.4 1 0
gedis/list.go:475.3,477.40 3 1
gedis/list.go:480.2,480.11 1 0
gedis/object.go:66.39,66.53 1 1
gedis/object.go:67.39,67.57 1 1
gedis/object.go:68.39,68.57 1 1
gedis/object.go:69.39,69.57 1 1
gedis/object.go:70.39,70.57 1 1
gedis/object.go:73.74,81.2 7 1
gedis/object.go:84.50,86.2 1 1
gedis/object.go:89.54,91.2 1 1
gedis/object.go:94.54,96.2 1 1
gedis/object.go:99.55,101.2 1 1
gedis/object.go:104.46,107.2 2 1
gedis/object.go:110.53,112.12 2 1
gedis/object.go:112.12,115.3 2 1
gedis/object.go:116.2,116.11 1 1
gedis/object.go:120.44,121.18 1 1
gedis/object.go:121.18,123.3 1 0
gedis/object.go:124.2,124.34 1 1
gedis/object.go:124.34,126.3 1 1
gedis/object.go:127.2,128.18 2 1
gedis/object.go:128.18,130.3 1 1
gedis/object.go:131.2,131.24 1 1
gedis/object.go:135.66,137.2 1 1
gedis/object.go:140.62,142.2 1 1
gedis/poolbuffer.go:33.29,33.68 1 1
gedis/poolbuffer.go:45.34,49.2 3 1
gedis/poolbuffer.go:54.39,54.76 1 1
gedis/poolbuffer.go:58.43,62.2 3 1
gedis/poolbuffer.go:74.47,79.29 2 1
gedis/poolbuffer.go:79.29,83.28 3 1
gedis/poolbuffer.go:83.28,89.5 1 1
gedis/poolbuffer.go:92.2,92.11 1 1
gedis/poolbuffer.go:96.54,97.32 1 1
gedis/poolbuffer.go:97.32,98.21 1 1
gedis/poolbuffer.go:98.21,102.4 3 1
gedis/poolbuffer.go:104.2,108.3 1 1
gedis/poolbuffer.go:111.46,112.48 1 1
gedis/poolbuffer.go:112.48,114.3 1 0
gedis/poolbuffer.go:115.2,116.28 2 1
gedis/poolbuffer.go:147.46,148.39 1 1
gedis/poolbuffer.go:148.39,150.3 1 1
gedis/poolbuffer.go:152.2,153.20 2 1
gedis/poolbuffer.go:153.20,156.3 2 0
gedis/poolbuffer.go:158.2,159.28 2 1
gedis/poolbuffer.go:159.28,161.3 1 1
gedis/poolbuffer.go:163.2,164.53 2 1
gedis/poolbuffer.go:164.53,165.36 1 1
gedis/poolbuffer.go:165.36,167.9 2 1
gedis/poolbuffer.go:171.2,171.18 1 1
gedis/poolbuffer.go:171.18,177.3 5 1
gedis/poolbuffer.go:179.2,184.12 6 1
gedis/poolbuffer.go:187.54,188.40 1 1
gedis/poolbuffer.go:188.40,190.3 1 0
gedis/poolbuffer.go:191.2,191.24 1 1
gedis/poolbuffer.go:194.60,195.40 1 1
gedis/poolbuffer.go:195.40,197.3 1 0
gedis/poolbuffer.go:198.2,198.30 1 1
gedis/poolbuffer.go:201.49,202.35 1 1
gedis/poolbuffer.go:202.35,204.3 1 0
gedis/poolbuffer.go:205.2,205.28 1 1
gedis/poolbuffer.go:208.56,209.44 1 1
gedis/poolbuffer.go:209.44,211.3 1 0
gedis/poolbuffer.go:212.2,212.28 1 1
gedis/poolbuffer.go:215.26,216.14 1 1
gedis/poolbuffer.go:216.14,218.3 1 1
gedis/poolbuffer.go:219.2,219.15 1 1
gedis/poolbuffer.go:219.15,221.3 1 1
gedis/poolbuffer.go:222.2,222.17 1 1
gedis/poolbuffer.go:222.17,224.3 1 1
gedis/poolbuffer.go:225.2,225.10 1 1
gedis/poolbuffer.go:228.64,228.89 1 1
gedis/poolbuffer.go:229.64,229.90 1 1
gedis/poolbuffer.go:230.64,230.87 1 1
gedis/poolbuffer.go:231.64,231.87 1 1
gedis/poolbuffer.go:232.64,232.82 1 1
gedis/poolbuffer.go:233.64,233.86 1 1
gedis/poolbuffer.go:234.64,234.89 1 1
gedis/poolbuffer.go:235.64,235.89 1 1
gedis/poolbuffer.go:236.64,236.92 1 1
gedis/poolbuffer.go:237.64,237.98 1 1
gedis/poolbuffer.go:238.64,238.99 1 1
gedis/poolbuffer.go:239.64,239.82 1 1
gedis/poolbuffer.go:241.39,242.20 1 1
gedis/poolbuffer.go:242.20,244.3 1 1
gedis/poolbuffer.go:245.2,245.12 1 1
gedis/probabilistic.go:34.75,49.12 11 1
gedis/probabilistic.go:49.12,51.22 2 1
gedis/probabilistic.go:51.22,53.4 1 1
gedis/probabilistic.go:56.2,57.32 2 1
gedis/probabilistic.go:61.56,66.2 4 1
gedis/probabilistic.go:69.69,76.9 5 1
gedis/probabilistic.go:76.9,84.3 6 1
gedis/probabilistic.go:86.2,92.25 6 1
gedis/probabilistic.go:92.25,97.25 5 1
gedis/probabilistic.go:97.25,100.4 2 1
gedis/probabilistic.go:103.2,103.19 1 1
gedis/probabilistic.go:103.19,105.3 1 1
gedis/probabilistic.go:106.2,106.13 1 1
gedis/probabilistic.go:110.59,115.2 4 1
gedis/probabilistic.go:118.72,123.9 4 1
gedis/probabilistic.go:123.9,125.3 1 1
gedis/probabilistic.go:127.2,132.25 5 1
gedis/probabilistic.go:132.25,137.25 5 1
gedis/probabilistic.go:137.25,139.4 1 1
gedis/probabilistic.go:141.2,141.13 1 1
gedis/probabilistic.go:144.57,145.38 1 1
gedis/probabilistic.go:145.38,147.3 1 0
gedis/probabilistic.go:148.2,150.11 3 1
gedis/probabilistic.go:150.11,152.3 1 0
gedis/probabilistic.go:153.2,153.26 1 1
gedis/probabilistic.go:156.49,157.19 1 1
gedis/probabilistic.go:157.19,159.3 1 0
gedis/probabilistic.go:160.2,161.11 2 1
gedis/probabilistic.go:161.11,163.3 1 0
gedis/probabilistic.go:164.2,164.10 1 1
gedis/probabilistic.go:167.47,172.2 4 1
gedis/probabilistic.go:182.56,187.20 4 1
gedis/probabilistic.go:187.20,189.3 1 1
gedis/probabilistic.go:190.2,198.12 7 1
gedis/probabilistic.go:198.12,200.22 2 1
gedis/probabilistic.go:200.22,202.4 1 1
gedis/probabilistic.go:205.2,206.32 2 1
gedis/probabilistic.go:210.56,215.2 4 1
gedis/probabilistic.go:218.69,224.9 5 1
gedis/probabilistic.go:224.9,227.3 2 0
gedis/probabilistic.go:229.2,237.62 7 1
gedis/probabilistic.go:237.62,239.3 1 1
gedis/probabilistic.go:240.2,240.62 1 1
gedis/probabilistic.go:240.62,242.3 1 1
gedis/probabilistic.go:244.2,245.34 2 1
gedis/probabilistic.go:245.34,256.67 8 1
gedis/probabilistic.go:256.67,258.4 1 1
gedis/probabilistic.go:261.2,261.14 1 1
gedis/probabilistic.go:265.56,270.2 4 1
gedis/probabilistic.go:273.69,278.9 4 1
gedis/probabilistic.go:278.9,280.3 1 0
gedis/probabilistic.go:282.2,290.54 7 1
gedis/probabilistic.go:290.54,292.3 1 1
gedis/probabilistic.go:293.2,293.54 1 1
gedis/probabilistic.go:293.54,295.3 1 0
gedis/probabilistic.go:297.2,297.14 1 1
gedis/probabilistic.go:301.59,306.2 4 1
gedis/probabilistic.go:309.72,314.9 4 1
gedis/probabilistic.go:314.9,316.3 1 1
gedis/probabilistic.go:318.2,326.50 7 1
gedis/probabilistic.go:326.50,328.3 1 1
gedis/probabilistic.go:329.2,329.50 1 1
gedis/probabilistic.go:329.50,331.3 1 0
gedis/probabilistic.go:333.2,333.14 1 1
gedis/probabilistic.go:336.40,339.2 2 1
gedis/probabilistic.go:341.94,343.36 2 1
gedis/probabilistic.go:343.36,345.37 2 1
gedis/probabilistic.go:345.37,348.4 2 1
gedis/probabilistic.go:350.2,350.14 1 1
gedis/probabilistic.go:353.86,355.36 2 1
gedis/probabilistic.go:355.36,357.38 2 1
gedis/probabilistic.go:357.38,360.4 2 1
gedis/probabilistic.go:362.2,362.14 1 1
gedis/probabilistic.go:365.82,367.36 2 1
gedis/probabilistic.go:367.36,369.38 2 1
gedis/probabilistic.go:369.38,371.4 1 1
gedis/probabilistic.go:373.2,373.14 1 1
gedis/probabilistic.go:383.63,387.16 3 1
gedis/probabilistic.go:387.16,389.3 1 0
gedis/probabilistic.go:390.2,390.16 1 1
gedis/probabilistic.go:390.16,392.3 1 0
gedis/probabilistic.go:394.2,401.12 7 1
gedis/probabilistic.go:401.12,403.22 2 0
gedis/probabilistic.go:403.22,405.4 1 0
gedis/probabilistic.go:408.2,409.32 2 1
gedis/probabilistic.go:413.68,418.2 4 1
gedis/probabilistic.go:421.81,427.9 5 1
gedis/probabilistic.go:427.9,430.3 2 0
gedis/probabilistic.go:432.2,440.29 7 1
gedis/probabilistic.go:440.29,445.19 5 1
gedis/probabilistic.go:445.19,447.4 1 1
gedis/probabilistic.go:450.2,450.15 1 1
gedis/probabilistic.go:454.64,456.29 2 1
gedis/probabilistic.go:456.29,458.3 1 1
gedis/probabilistic.go:459.2,459.40 1 1
gedis/probabilistic.go:463.77,468.9 4 1
gedis/probabilistic.go:468.9,471.3 2 0
gedis/probabilistic.go:473.2,480.31 6 1
gedis/probabilistic.go:480.31,483.30 3 1
gedis/probabilistic.go:483.30,486.20 3 1
gedis/probabilistic.go:486.20,488.5 1 1
gedis/probabilistic.go:490.3,490.23 1 1
gedis/probabilistic.go:493.2,493.15 1 1
gedis/probabilistic.go:507.51,511.12 3 1
gedis/probabilistic.go:511.12,513.3 1 0
gedis/probabilistic.go:515.2,521.12 6 1
gedis/probabilistic.go:521.12,523.22 2 0
gedis/probabilistic.go:523.22,525.4 1 0
gedis/probabilistic.go:528.2,529.32 2 1
gedis/probabilistic.go:532.57,538.9 5 1
gedis/probabilistic.go:538.9,541.3 2 0
gedis/probabilistic.go:543.2,547.29 4 1
gedis/probabilistic.go:547.29,551.26 3 1
gedis/probabilistic.go:551.26,554.21 3 1
gedis/probabilistic.go:554.21,555.13 1 1
gedis/probabilistic.go:557.4,560.33 4 1
gedis/probabilistic.go:560.33,563.10 3 1
gedis/probabilistic.go:567.3,567.13 1 1
gedis/probabilistic.go:567.13,570.27 3 1
gedis/probabilistic.go:570.27,574.42 4 1
gedis/probabilistic.go:574.42,577.6 2 1
gedis/probabilistic.go:580.4,580.19 1 1
gedis/probabilistic.go:580.19,583.25 3 1
gedis/probabilistic.go:583.25,585.6 1 1
gedis/probabilistic.go:586.5,588.39 3 1
gedis/probabilistic.go:594.52,599.9 4 1
gedis/probabilistic.go:599.9,601.3 1 0
gedis/probabilistic.go:603.2,609.25 5 1
gedis/probabilistic.go:609.25,612.20 3 1
gedis/probabilistic.go:612.20,613.12 1 0
gedis/probabilistic.go:615.3,621.5 4 1
gedis/probabilistic.go:624.2,624.15 1 1
gedis/probabilistic.go:627.30,628.12 1 1
gedis/probabilistic.go:628.12,630.3 1 1
gedis/probabilistic.go:631.2,638.14 8 1
gedis/redis.go:40.21,49.2 4 1
gedis/redis.go:52.41,58.9 5 1
gedis/redis.go:58.9,60.3 1 1
gedis/redis.go:62.2,65.13 4 1
gedis/redis.go:69.44,75.9 5 1
gedis/redis.go:75.9,77.3 1 1
gedis/redis.go:79.2,79.37 1 1
gedis/redis.go:79.37,82.3 2 1
gedis/redis.go:83.2,83.13 1 1
gedis/redis.go:87.31,94.2 5 1
gedis/redis.go:97.65,99.9 2 1
gedis/redis.go:99.9,101.3 1 1
gedis/redis.go:102.2,103.35 2 1
gedis/redis.go:107.67,111.2 3 1
gedis/redis.go:115.54,118.9 3 0
gedis/redis.go:118.9,120.3 1 0
gedis/redis.go:121.2,121.37 1 0
gedis/redis.go:121.37,124.3 2 0
gedis/redis.go:125.2,125.22 1 0
gedis/redis.go:129.28,131.2 1 1
gedis/redis.go:135.59,137.2 1 1
gedis/redis.go:141.65,147.9 5 1
gedis/redis.go:147.9,149.3 1 1
gedis/redis.go:151.2,151.37 1 1
gedis/redis.go:151.37,154.3 2 0
gedis/redis.go:156.2,160.13 5 1
gedis/redis.go:164.63,166.2 1 1
gedis/redis.go:169.66,175.9 5 1
gedis/redis.go:175.9,177.3 1 0
gedis/redis.go:179.2,179.36 1 1
gedis/redis.go:179.36,182.3 2 1
gedis/redis.go:184.2,187.13 4 1
gedis/redis.go:192.42,194.14 2 1
gedis/redis.go:194.14,196.3 1 1
gedis/redis.go:197.2,197.20 1 1
gedis/redis.go:202.43,208.9 5 1
gedis/redis.go:208.9,210.3 1 1
gedis/redis.go:212.2,213.16 2 1
gedis/redis.go:213.16,215.3 1 1
gedis/redis.go:217.2,219.17 3 1
gedis/redis.go:219.17,222.3 2 0
gedis/redis.go:223.2,223.15 1 1
gedis/redis.go:228.45,233.41 4 1
gedis/redis.go:233.41,235.3 1 1
gedis/redis.go:237.2,237.57 1 1
gedis/redis.go:237.57,239.3 1 1
gedis/redis.go:241.2,242.13 2 1
gedis/redis.go:246.73,252.8 5 0
gedis/redis.go:252.8,253.38 1 0
gedis/redis.go:253.38,256.4 2 0
gedis/redis.go:259.2,259.9 1 0
gedis/redis.go:259.9,261.3 1 0
gedis/redis.go:263.2,264.18 2 0
gedis/redis.go:264.18,266.3 1 0
gedis/redis.go:266.8,266.27 1 0
gedis/redis.go:266.27,268.3 1 0
gedis/redis.go:269.2,269.13 1 0
gedis/search.go:29.69,34.2 3 1
gedis/search.go:36.80,41.16 4 1
gedis/search.go:41.16,43.3 1 0
gedis/search.go:45.2,47.8 3 1
gedis/search.go:47.8,49.22 2 0
gedis/search.go:49.22,51.4 1 0
gedis/search.go:54.2,56.8 3 1
gedis/search.go:56.8,58.3 1 0
gedis/search.go:58.8,61.3 2 1
gedis/search.go:63.2,63.35 1 1
gedis/search.go:63.35,65.30 2 1
gedis/search.go:65.30,71.18 4 1
gedis/search.go:71.18,73.5 1 1
gedis/search.go:75.4,76.35 2 1
gedis/search.go:76.35,77.20 1 1
gedis/search.go:77.20,79.11 2 0
gedis/search.go:82.4,82.14 1 1
gedis/search.go:82.14,85.5 2 1
gedis/search.go:94.77,99.21 4 1
gedis/search.go:99.21,101.3 1 0
gedis/search.go:103.2,108.29 4 1
gedis/search.go:108.29,112.29 3 1
gedis/search.go:112.29,115.10 3 1
gedis/search.go:115.10,117.28 2 1
gedis/search.go:117.28,118.18 1 1
gedis/search.go:118.18,121.7 2 1
gedis/search.go:126.3,126.29 1 1
gedis/search.go:126.29,128.4 1 1
gedis/search.go:130.3,130.12 1 1
gedis/search.go:130.12,133.4 2 1
gedis/search.go:133.9,135.4 1 1
gedis/search.go:138.2,138.38 1 1
gedis/search.go:138.38,140.3 1 0
gedis/search.go:142.2,143.27 2 1
gedis/search.go:143.27,145.3 1 1
gedis/search.go:146.2,147.11 2 1
gedis/search.go:150.78,153.9 3 1
gedis/search.go:153.9,158.3 4 1
gedis/search.go:161.67,164.9 3 1
gedis/search.go:164.9,166.3 1 0
gedis/search.go:167.2,168.18 2 1
gedis/search.go:168.18,170.3 1 0
gedis/search.go:171.2,173.32 3 1
gedis/search.go:176.58,178.18 2 1
gedis/search.go:178.18,180.3 1 0
gedis/search.go:181.2,183.20 3 1
gedis/search.go:183.20,185.3 1 0
gedis/search.go:186.2,186.41 1 1
gedis/search.go:189.90,192.12 3 1
gedis/search.go:192.12,194.22 2 1
gedis/search.go:194.22,196.4 1 1
gedis/search.go:197.3,197.43 1 1
gedis/search.go:198.8,201.3 2 1
gedis/search.go:204.61,207.2 2 1
gedis/search.go:209.37,211.54 2 1
gedis/search.go:211.54,213.3 1 1
gedis/search.go:215.2,217.26 3 1
gedis/search.go:217.26,218.15 1 1
gedis/search.go:218.15,221.4 2 1
gedis/search.go:223.2,223.15 1 1
gedis/search.go:226.55,228.27 2 1
gedis/search.go:228.27,230.3 1 1
gedis/search.go:231.2,231.44 1 1
gedis/search.go:234.55,237.39 3 1
gedis/search.go:237.39,239.3 1 1
gedis/search.go:240.2,240.15 1 1
gedis/search.go:243.52,245.22 2 1
gedis/search.go:245.22,247.3 1 1
gedis/search.go:249.2,250.22 2 1
gedis/search.go:250.22,251.13 1 1
gedis/search.go:251.13,253.4 1 1
gedis/search.go:255.2,255.15 1 1
gedis/set.go:29.44,33.2 3 0
gedis/set.go:36.60,38.28 2 1
gedis/set.go:38.28,40.3 1 1
gedis/set.go:41.2,42.25 2 1
gedis/set.go:42.25,44.3 1 1
gedis/set.go:45.2,45.15 1 1
gedis/set.go:49.73,56.9 5 1
gedis/set.go:56.9,57.46 1 1
gedis/set.go:57.46,60.30 3 1
gedis/set.go:60.30,62.41 2 1
gedis/set.go:62.41,64.6 1 1
gedis/set.go:66.4,68.16 3 1
gedis/set.go:71.3,73.29 3 1
gedis/set.go:73.29,75.39 2 1
gedis/set.go:75.39,78.5 2 1
gedis/set.go:80.3,84.15 5 1
gedis/set.go:87.2,90.30 3 1
gedis/set.go:90.30,93.29 3 1
gedis/set.go:93.29,95.40 2 1
gedis/set.go:95.40,97.5 1 1
gedis/set.go:99.3,100.15 2 1
gedis/set.go:103.2,103.33 1 1
gedis/set.go:103.33,106.29 3 1
gedis/set.go:106.29,108.39 2 1
gedis/set.go:108.39,111.5 2 1
gedis/set.go:113.3,114.15 2 1
gedis/set.go:117.2,117.10 1 0
gedis/set.go:121.60,123.28 2 1
gedis/set.go:123.28,125.3 1 1
gedis/set.go:126.2,127.25 2 1
gedis/set.go:127.25,129.3 1 1
gedis/set.go:130.2,130.15 1 1
gedis/set.go:134.73,140.9 5 1
gedis/set.go:140.9,142.3 1 1
gedis/set.go:144.2,147.30 3 1
gedis/set.go:147.30,150.29 3 1
gedis/set.go:150.29,152.43 2 1
gedis/set.go:152.43,154.5 1 1
gedis/set.go:156.3,157.38 2 1
gedis/set.go:157.38,160.4 2 0
gedis/set.go:161.3,161.17 1 1
gedis/set.go:164.2,164.33 1 1
gedis/set.go:164.33,167.29 3 1
gedis/set.go:167.29,168.32 1 1
gedis/set.go:168.32,170.5 1 1
gedis/set.go:172.3,173.17 2 1
gedis/set.go:176.2,176.10 1 0
gedis/set.go:180.62,185.2 4 1
gedis/set.go:188.75,194.9 5 1
gedis/set.go:194.9,196.3 1 1
gedis/set.go:198.2,202.30 4 1
gedis/set.go:202.30,205.3 2 1
gedis/set.go:207.2,207.33 1 1
gedis/set.go:207.33,211.3 3 1
gedis/set.go:213.2,213.14 1 0
gedis/set.go:217.50,221.2 3 1
gedis/set.go:223.56,226.9 3 1
gedis/set.go:226.9,228.3 1 1
gedis/set.go:230.2,233.30 3 1
gedis/set.go:233.30,237.26 4 1
gedis/set.go:237.26,242.4 4 1
gedis/set.go:243.3,244.16 2 1
gedis/set.go:247.2,247.33 1 1
gedis/set.go:247.33,250.39 3 1
gedis/set.go:250.39,252.17 2 1
gedis/set.go:252.17,256.5 3 1
gedis/set.go:258.3,259.16 2 1
gedis/set.go:262.2,262.12 1 0
gedis/set.go:265.42,271.9 5 1
gedis/set.go:271.9,273.3 1 1
gedis/set.go:275.2,278.30 3 1
gedis/set.go:278.30,280.3 1 0
gedis/set.go:282.2,282.33 1 1
gedis/set.go:282.33,285.3 2 1
gedis/set.go:287.2,287.10 1 0
gedis/set.go:291.52,292.20 1 1
gedis/set.go:292.20,294.3 1 0
gedis/set.go:296.2,300.19 4 1
gedis/set.go:300.19,302.3 1 0
gedis/set.go:304.2,304.31 1 1
gedis/set.go:304.31,306.19 2 1
gedis/set.go:306.19,308.4 1 1
gedis/set.go:310.3,311.36 2 1
gedis/set.go:311.36,313.4 1 1
gedis/set.go:314.3,317.37 3 1
gedis/set.go:317.37,319.14 2 1
gedis/set.go:319.14,321.5 1 1
gedis/set.go:323.3,325.20 3 1
gedis/set.go:328.2,328.15 1 1
gedis/set.go:332.52,339.27 5 1
gedis/set.go:339.27,341.16 2 1
gedis/set.go:341.16,342.12 1 0
gedis/set.go:344.3,344.33 1 1
gedis/set.go:344.33,346.16 2 1
gedis/set.go:346.16,349.5 2 1
gedis/set.go:351.3,351.13 1 1
gedis/set.go:353.2,354.15 2 1
gedis/set.go:359.51,360.20 1 0
gedis/set.go:360.20,362.3 1 0
gedis/set.go:364.2,368.19 4 0
gedis/set.go:368.19,370.3 1 0
gedis/set.go:372.2,372.20 1 0
gedis/set.go:372.20,374.3 1 0
gedis/set.go:376.2,376.31 1 0
gedis/set.go:376.31,378.19 2 0
gedis/set.go:378.19,381.4 2 0
gedis/set.go:383.3,384.36 2 0
gedis/set.go:384.36,386.4 1 0
gedis/set.go:387.3,390.37 3 0
gedis/set.go:390.37,392.15 2 0
gedis/set.go:392.15,394.5 1 0
gedis/set.go:396.3,398.20 3 0
gedis/set.go:401.2,401.15 1 0
gedis/set.go:406.67,407.20 1 0
gedis/set.go:407.20,411.9 4 0
gedis/set.go:411.9,414.4 2 0
gedis/set.go:415.3,415.11 1 0
gedis/set.go:418.2,422.19 4 0
gedis/set.go:422.19,424.9 2 0
gedis/set.go:424.9,427.4 2 0
gedis/set.go:428.3,428.11 1 0
gedis/set.go:431.2,431.20 1 0
gedis/set.go:431.20,433.9 2 0
gedis/set.go:433.9,436.4 2 0
gedis/set.go:438.3,439.37 2 0
gedis/set.go:439.37,442.4 2 0
gedis/set.go:443.3,449.24 6 0
gedis/set.go:452.2,452.31 1 0
gedis/set.go:452.31,454.19 2 0
gedis/set.go:454.19,457.10 3 0
gedis/set.go:457.10,460.5 2 0
gedis/set.go:461.4,461.12 1 0
gedis/set.go:464.3,465.36 2 0
gedis/set.go:465.36,467.4 1 0
gedis/set.go:468.3,471.37 3 0
gedis/set.go:471.37,473.15 2 0
gedis/set.go:473.15,475.5 1 0
gedis/set.go:477.3,479.20 3 0
gedis/set.go:482.2,483.8 2 0
gedis/set.go:483.8,486.3 2 0
gedis/set.go:488.2,489.36 2 0
gedis/set.go:489.36,492.3 2 0
gedis/set.go:493.2,499.23 6 0
gedis/set.go:502.69,507.2 4 1
gedis/set.go:509.82,515.12 5 1
gedis/set.go:515.12,517.3 1 1
gedis/set.go:519.2,525.33 5 1
gedis/set.go:525.33,528.12 3 0
gedis/set.go:528.12,530.44 2 0
gedis/set.go:530.44,533.5 2 0
gedis/set.go:535.8,535.43 1 1
gedis/set.go:535.43,538.24 3 1
gedis/set.go:538.24,541.27 3 1
gedis/set.go:541.27,544.5 2 0
gedis/set.go:548.2,548.12 1 1
gedis/set.go:548.12,550.3 1 1
gedis/set.go:552.2,555.11 3 1
gedis/set.go:555.11,559.34 3 1
gedis/set.go:559.34,561.45 2 0
gedis/set.go:561.45,563.5 1 0
gedis/set.go:564.4,565.50 2 0
gedis/set.go:566.9,566.44 1 1
gedis/set.go:566.44,568.47 2 1
gedis/set.go:568.47,571.5 2 1
gedis/set.go:573.8,580.3 6 1
gedis/set.go:582.2,582.13 1 1
gedis/set.go:585.44,586.28 1 1
gedis/set.go:586.28,587.19 1 1
gedis/set.go:587.19,589.4 1 1
gedis/set.go:591.2,591.13 1 1
gedis/set.go:596.53,596.69 1 1
gedis/set.go:597.53,597.73 1 1
gedis/set.go:598.53,598.73 1 1
gedis/set.go:600.34,606.2 5 1
gedis/set.go:608.45,610.2 1 1
gedis/set.go:612.50,614.2 1 1
gedis/set.go:616.58,619.13 3 1
gedis/set.go:620.9,621.63 1 0
gedis/set.go:622.9,623.63 1 0
gedis/set.go:624.9,625.56 1 1
gedis/set.go:627.2,627.10 1 0
gedis/set.go:630.60,632.25 2 1
gedis/set.go:632.25,633.42 1 1
gedis/set.go:633.42,635.4 1 1
gedis/set.go:637.2,637.14 1 1
gedis/set.go:640.60,641.38 1 1
gedis/set.go:641.38,643.3 1 1
gedis/set.go:645.2,649.37 4 1
gedis/set.go:649.37,651.3 1 0
gedis/set.go:651.8,651.40 1 1
gedis/set.go:651.40,653.3 1 0
gedis/set.go:655.2,655.18 1 1
gedis/set.go:655.18,664.29 8 0
gedis/set.go:664.29,666.35 2 0
gedis/set.go:666.35,670.5 3 0
gedis/set.go:671.4,672.8 2 0
gedis/set.go:674.3,674.16 1 0
gedis/set.go:674.16,676.4 1 0
gedis/set.go:678.3,680.14 3 0
gedis/set.go:683.2,684.25 2 1
gedis/set.go:684.25,685.42 1 1
gedis/set.go:685.42,687.9 2 0
gedis/set.go:691.2,697.33 6 1
gedis/set.go:697.33,699.3 1 1
gedis/set.go:700.2,701.33 2 1
gedis/set.go:701.33,703.3 1 0
gedis/set.go:705.2,708.13 3 1
gedis/set.go:711.63,712.39 1 1
gedis/set.go:712.39,714.3 1 0
gedis/set.go:716.2,727.28 10 1
gedis/set.go:727.28,729.32 2 1
gedis/set.go:729.32,731.12 2 1
gedis/set.go:733.3,734.7 2 1
gedis/set.go:737.2,740.13 3 1
gedis/set.go:743.58,744.13 1 1
gedis/set.go:745.9,746.38 1 0
gedis/set.go:747.9,748.38 1 0
gedis/set.go:749.9,750.38 1 1
gedis/skip_list.go:48.59,48.77 1 1
gedis/skip_list.go:49.59,49.81 1 1
gedis/skip_list.go:50.59,50.82 1 1
gedis/skip_list.go:51.59,51.82 1 1
gedis/skip_list.go:52.59,52.82 1 1
gedis/skip_list.go:54.67,56.2 1 1
gedis/skip_list.go:57.64,59.2 1 1
gedis/skip_list.go:62.38,64.2 1 1
gedis/skip_list.go:67.40,76.41 7 1
gedis/skip_list.go:76.41,79.3 2 1
gedis/skip_list.go:81.2,86.3 1 1
gedis/skip_list.go:90.27,92.63 2 1
gedis/skip_list.go:92.63,94.3 1 1
gedis/skip_list.go:95.2,95.14 1 1
gedis/skip_list.go:99.80,104.38 4 1
gedis/skip_list.go:104.38,105.23 1 1
gedis/skip_list.go:105.23,107.4 1 1
gedis/skip_list.go:107.9,109.4 1 1
gedis/skip_list.go:110.3,110.7 1 1
gedis/skip_list.go:110.7,112.23 2 1
gedis/skip_list.go:112.23,113.10 1 1
gedis/skip_list.go:115.4,116.22 2 1
gedis/skip_list.go:116.22,117.10 1 1
gedis/skip_list.go:119.4,119.23 1 1
gedis/skip_list.go:119.23,123.36 4 1
gedis/skip_list.go:123.36,126.6 2 0
gedis/skip_list.go:127.5,127.41 1 1
gedis/skip_list.go:127.41,128.11 1 0
gedis/skip_list.go:131.4,132.18 2 1
gedis/skip_list.go:134.3,134.16 1 1
gedis/skip_list.go:137.2,138.23 2 1
gedis/skip_list.go:138.23,139.38 1 1
gedis/skip_list.go:139.38,143.4 3 1
gedis/skip_list.go:144.3,144.20 1 1
gedis/skip_list.go:147.2,155.21 8 1
gedis/skip_list.go:155.21,158.3 2 1
gedis/skip_list.go:158.8,160.3 1 1
gedis/skip_list.go:161.2,163.29 2 1
gedis/skip_list.go:163.29,171.3 6 1
gedis/skip_list.go:173.2,173.37 1 1
gedis/skip_list.go:173.37,176.3 2 1
gedis/skip_list.go:178.2,179.16 2 1
gedis/skip_list.go:183.81,187.38 3 1
gedis/skip_list.go:187.38,188.7 1 1
gedis/skip_list.go:188.7,190.23 2 1
gedis/skip_list.go:190.23,191.10 1 1
gedis/skip_list.go:193.4,194.22 2 1
gedis/skip_list.go:194.22,195.10 1 1
gedis/skip_list.go:197.4,197.23 1 1
gedis/skip_list.go:197.23,201.36 4 1
gedis/skip_list.go:201.36,202.11 1 1
gedis/skip_list.go:204.5,204.41 1 0
gedis/skip_list.go:204.41,205.11 1 0
gedis/skip_list.go:208.4,208.18 1 1
gedis/skip_list.go:210.3,210.16 1 1
gedis/skip_list.go:213.2,214.12 2 1
gedis/skip_list.go:214.12,216.3 1 0
gedis/skip_list.go:217.2,221.53 5 1
gedis/skip_list.go:221.53,223.3 1 0
gedis/skip_list.go:225.2,226.13 2 1
gedis/skip_list.go:230.77,232.29 2 1
gedis/skip_list.go:232.29,238.3 5 1
gedis/skip_list.go:240.2,240.37 1 1
gedis/skip_list.go:240.37,242.15 2 1
gedis/skip_list.go:242.15,244.4 1 1
gedis/skip_list.go:247.2,249.21 3 1
gedis/skip_list.go:249.21,251.3 1 1
gedis/skip_list.go:251.8,253.3 1 1
gedis/skip_list.go:255.2,255.20 1 1
gedis/skip_list.go:255.20,256.83 1 1
gedis/skip_list.go:256.83,257.9 1 1
gedis/skip_list.go:259.3,259.14 1 1
gedis/skip_list.go:262.2,263.21 2 1
gedis/skip_list.go:267.81,270.38 3 1
gedis/skip_list.go:270.38,271.7 1 1
gedis/skip_list.go:271.7,273.23 2 1
gedis/skip_list.go:273.23,274.10 1 0
gedis/skip_list.go:276.4,277.22 2 1
gedis/skip_list.go:277.22,278.10 1 0
gedis/skip_list.go:280.4,280.23 1 1
gedis/skip_list.go:280.23,284.36 4 1
gedis/skip_list.go:284.36,286.6 1 1
gedis/skip_list.go:287.5,287.41 1 0
gedis/skip_list.go:287.41,288.11 1 0
gedis/skip_list.go:291.4,292.18 2 1
gedis/skip_list.go:295.2,295.10 1 0
gedis/skip_list.go:299.70,302.38 3 0
gedis/skip_list.go:302.38,303.7 1 0
gedis/skip_list.go:303.7,305.23 2 0
gedis/skip_list.go:305.23,306.10 1 0
gedis/skip_list.go:308.4,309.29 2 0
gedis/skip_list.go:309.29,310.10 1 0
gedis/skip_list.go:312.4,313.18 2 0
gedis/skip_list.go:315.3,315.24 1 0
gedis/skip_list.go:315.24,317.4 1 0
gedis/skip_list.go:319.2,319.10 1 0
gedis/stream.go:44.40,44.58 1 0
gedis/stream.go:45.40,45.58 1 1
gedis/stream.go:46.40,46.62 1 1
gedis/stream.go:47.40,47.63 1 1
gedis/stream.go:48.40,48.63 1 1
gedis/stream.go:49.40,49.63 1 1
gedis/stream.go:50.40,50.63 1 1
gedis/stream.go:52.44,52.61 1 1
gedis/stream.go:53.44,53.65 1 1
gedis/stream.go:54.44,54.66 1 1
gedis/stream.go:55.44,55.66 1 1
gedis/stream.go:56.44,56.66 1 1
gedis/stream.go:57.44,57.79 1 1
gedis/stream.go:63.88,72.9 6 1
gedis/stream.go:72.9,83.26 10 1
gedis/stream.go:83.26,86.16 3 1
gedis/stream.go:86.16,88.5 1 0
gedis/stream.go:91.3,100.33 9 1
gedis/stream.go:103.2,107.25 4 1
gedis/stream.go:107.25,110.15 3 1
gedis/stream.go:110.15,112.4 1 0
gedis/stream.go:113.8,113.43 1 1
gedis/stream.go:113.43,115.15 2 1
gedis/stream.go:115.15,117.4 1 0
gedis/stream.go:120.2,123.21 3 1
gedis/stream.go:123.21,126.3 2 1
gedis/stream.go:128.2,129.57 2 1
gedis/stream.go:129.57,131.3 1 0
gedis/stream.go:133.2,138.32 5 1
gedis/stream.go:142.89,148.36 4 1
gedis/stream.go:148.36,150.10 2 1
gedis/stream.go:150.10,151.12 1 1
gedis/stream.go:154.3,156.28 3 1
gedis/stream.go:156.28,157.12 1 0
gedis/stream.go:160.3,165.19 4 1
gedis/stream.go:165.19,169.58 3 1
gedis/stream.go:169.58,171.13 2 0
gedis/stream.go:174.4,177.42 3 1
gedis/stream.go:177.42,178.10 1 1
gedis/stream.go:181.4,181.62 1 1
gedis/stream.go:184.3,184.23 1 1
gedis/stream.go:184.23,186.4 1 1
gedis/stream.go:189.2,189.15 1 1
gedis/stream.go:193.67,199.9 5 1
gedis/stream.go:199.9,201.3 1 1
gedis/stream.go:203.2,206.20 3 1
gedis/stream.go:206.20,212.3 5 1
gedis/stream.go:214.2,224.12 9 1
gedis/stream.go:227.55,233.9 5 1
gedis/stream.go:233.9,235.3 1 1
gedis/stream.go:237.2,240.25 3 1
gedis/stream.go:240.25,244.19 3 1
gedis/stream.go:244.19,248.32 3 1
gedis/stream.go:248.32,252.21 3 1
gedis/stream.go:252.21,254.6 1 0
gedis/stream.go:254.11,256.6 1 1
gedis/stream.go:258.5,258.21 1 1
gedis/stream.go:258.21,260.6 1 1
gedis/stream.go:260.11,262.6 1 0
gedis/stream.go:264.5,269.10 5 1
gedis/stream.go:272.4,272.62 1 1
gedis/stream.go:276.2,276.62 1 1
gedis/stream.go:276.62,279.3 2 0
gedis/stream.go:281.2,281.16 1 1
gedis/stream.go:284.54,290.9 5 1
gedis/stream.go:290.9,292.3 1 1
gedis/stream.go:294.2,297.29 3 1
gedis/stream.go:297.29,299.3 1 1
gedis/stream.go:301.2,304.29 3 1
gedis/stream.go:304.29,306.18 2 1
gedis/stream.go:306.18,307.9 1 0
gedis/stream.go:310.3,312.19 2 1
gedis/stream.go:312.19,315.4 2 1
gedis/stream.go:315.9,318.4 2 0
gedis/stream.go:320.3,321.12 2 1
gedis/stream.go:324.2,327.24 3 1
gedis/stream.go:327.24,330.3 2 0
gedis/stream.go:332.2,332.16 1 1
gedis/stream.go:335.118,341.36 4 1
gedis/stream.go:341.36,343.10 2 1
gedis/stream.go:343.10,344.12 1 1
gedis/stream.go:347.3,349.21 3 1
gedis/stream.go:349.21,350.12 1 0
gedis/stream.go:353.3,355.10 3 1
gedis/stream.go:355.10,356.12 1 0
gedis/stream.go:359.3,363.19 4 1
gedis/stream.go:363.19,367.58 3 1
gedis/stream.go:367.58,369.13 2 0
gedis/stream.go:372.4,375.42 3 1
gedis/stream.go:375.42,376.10 1 0
gedis/stream.go:379.4,379.62 1 1
gedis/stream.go:382.3,382.23 1 1
gedis/stream.go:382.23,384.4 1 1
gedis/stream.go:387.2,387.15 1 1
gedis/stream.go:390.41,395.9 4 1
gedis/stream.go:395.9,397.3 1 1
gedis/stream.go:399.2,400.60 2 1
gedis/stream.go:403.90,407.27 3 1
gedis/stream.go:407.27,409.3 1 1
gedis/stream.go:411.2,421.27 9 1
gedis/stream.go:421.27,432.3 10 1
gedis/stream.go:434.2,434.15 1 1
gedis/stream.go:437.60,445.34 6 1
gedis/stream.go:445.34,457.3 11 1
gedis/stream.go:459.2,462.3 1 1
gedis/stream.go:465.55,466.15 1 1
gedis/stream.go:466.15,468.3 1 1
gedis/stream.go:469.2,469.30 1 1
gedis/stream.go:469.30,471.3 1 1
gedis/stream.go:472.2,472.15 1 1
gedis/stream.go:472.15,474.3 1 0
gedis/stream.go:476.2,477.21 2 1
gedis/stream.go:477.21,479.3 1 1
gedis/stream.go:480.2,480.21 1 1
gedis/stream.go:480.21,482.3 1 1
gedis/stream.go:483.2,483.8 1 1
gedis/stream.go:486.44,488.2 1 1
gedis/stream.go:494.38,496.2 1 1
gedis/stream.go:498.61,504.9 5 1
gedis/stream.go:504.9,506.3 1 1
gedis/stream.go:508.2,516.22 6 1
gedis/stream.go:516.22,520.3 3 1
gedis/stream.go:522.2,522.21 1 1
gedis/stream.go:522.21,526.3 3 1
gedis/stream.go:528.2,532.20 4 1
gedis/stream.go:532.20,535.3 2 0
gedis/stream.go:537.2,543.3 1 1
gedis/stream.go:546.69,552.9 5 1
gedis/stream.go:552.9,554.3 1 1
gedis/stream.go:556.2,558.20 3 1
gedis/stream.go:558.20,560.3 1 0
gedis/stream.go:562.2,565.39 3 1
gedis/stream.go:565.39,567.23 2 1
gedis/stream.go:567.23,568.12 1 1
gedis/stream.go:571.3,581.28 9 1
gedis/stream.go:581.28,584.4 2 0
gedis/stream.go:586.3,591.5 1 1
gedis/stream.go:594.2,594.15 1 1
gedis/stream.go:597.101,603.9 5 1
gedis/stream.go:603.9,605.3 1 1
gedis/stream.go:607.2,609.20 3 1
gedis/stream.go:609.20,611.3 1 1
gedis/stream.go:613.2,615.9 3 1
gedis/stream.go:615.9,617.3 1 0
gedis/stream.go:619.2,622.27 3 1
gedis/stream.go:622.27,628.3 5 1
gedis/stream.go:628.8,630.3 1 0
gedis/stream.go:632.2,633.13 2 1
gedis/stream.go:633.13,639.3 5 1
gedis/stream.go:641.2,643.25 2 1
gedis/stream.go:643.25,647.19 3 1
gedis/stream.go:647.19,651.32 3 1
gedis/stream.go:651.32,654.10 3 1
gedis/stream.go:656.4,656.62 1 0
gedis/stream.go:660.2,661.15 2 1
gedis/stream.go:664.109,670.9 5 1
gedis/stream.go:670.9,672.3 1 1
gedis/stream.go:674.2,676.20 3 1
gedis/stream.go:676.20,678.3 1 0
gedis/stream.go:680.2,682.9 3 1
gedis/stream.go:682.9,684.3 1 0
gedis/stream.go:686.2,692.41 5 1
gedis/stream.go:692.41,696.59 3 1
gedis/stream.go:696.59,700.4 3 1
gedis/stream.go:701.3,701.61 1 1
gedis/stream.go:704.2,705.28 2 1
gedis/stream.go:708.73,714.9 5 1
gedis/stream.go:714.9,716.3 1 1
gedis/stream.go:718.2,720.20 3 1
gedis/stream.go:720.20,722.3 1 0
gedis/stream.go:724.2,726.9 3 1
gedis/stream.go:726.9,728.3 1 0
gedis/stream.go:730.2,730.35 1 1
gedis/stream.go:733.75,739.9 5 1
gedis/stream.go:739.9,741.3 1 1
gedis/stream.go:743.2,745.20 3 1
gedis/stream.go:745.20,747.3 1 1
gedis/stream.go:749.2,751.9 3 1
gedis/stream.go:751.9,753.3 1 0
gedis/stream.go:755.2,758.27 3 1
gedis/stream.go:758.27,764.3 5 1
gedis/stream.go:764.8,766.3 1 1
gedis/stream.go:768.2,769.12 2 1
gedis/stream.go:769.12,771.3 1 1
gedis/stream.go:773.2,780.13 7 1
gedis/stream.go:783.71,789.9 5 1
gedis/stream.go:789.9,791.3 1 1
gedis/stream.go:793.2,795.20 3 1
gedis/stream.go:795.20,797.3 1 0
gedis/stream.go:799.2,801.9 3 1
gedis/stream.go:801.9,803.3 1 0
gedis/stream.go:805.2,806.27 2 1
gedis/stream.go:806.27,808.3 1 0
gedis/stream.go:810.2,812.36 3 1
gedis/stream.go:812.36,816.3 3 1
gedis/stream.go:818.2,818.10 1 0
gedis/string.go:31.50,35.2 3 1
gedis/string.go:39.63,47.2 6 1
gedis/string.go:50.58,56.9 5 1
gedis/string.go:56.9,58.3 1 1
gedis/string.go:59.2,59.37 1 1
gedis/string.go:59.37,62.3 2 1
gedis/string.go:64.2,65.42 2 1
gedis/string.go:65.42,67.3 1 1
gedis/string.go:69.2,72.27 3 1
gedis/string.go:72.27,78.3 5 1
gedis/string.go:80.2,80.18 1 1
gedis/string.go:80.18,82.3 1 0
gedis/string.go:84.2,87.17 4 1
gedis/string.go:91.57,96.2 4 1
gedis/string.go:99.70,108.9 6 1
gedis/string.go:108.9,113.3 4 1
gedis/string.go:115.2,118.27 3 1
gedis/string.go:118.27,127.3 8 1
gedis/string.go:129.2,129.18 1 1
gedis/string.go:129.18,133.3 3 1
gedis/string.go:135.2,143.21 7 1
gedis/string.go:147.79,153.9 5 1
gedis/string.go:153.9,155.3 1 1
gedis/string.go:156.2,156.37 1 1
gedis/string.go:156.37,159.3 2 0
gedis/string.go:161.2,162.42 2 1
gedis/string.go:162.42,164.3 1 0
gedis/string.go:166.2,170.27 4 1
gedis/string.go:170.27,173.3 2 1
gedis/string.go:173.8,173.25 1 1
gedis/string.go:173.25,176.3 2 1
gedis/string.go:176.8,178.3 1 0
gedis/string.go:180.2,181.15 2 1
gedis/string.go:181.15,183.3 1 1
gedis/string.go:184.2,184.13 1 1
gedis/string.go:184.13,186.3 1 1
gedis/string.go:187.2,187.15 1 1
gedis/string.go:187.15,189.3 1 0
gedis/string.go:190.2,190.17 1 1
gedis/string.go:190.17,192.3 1 1
gedis/string.go:193.2,193.34 1 1
gedis/string.go:193.34,195.3 1 1
gedis/string.go:197.2,199.17 3 1
gedis/string.go:203.71,208.2 4 1
gedis/string.go:211.84,220.9 6 1
gedis/string.go:220.9,225.3 4 1
gedis/string.go:227.2,231.27 4 1
gedis/string.go:231.27,234.3 2 1
gedis/string.go:234.8,234.25 1 1
gedis/string.go:234.25,237.3 2 1
gedis/string.go:239.2,240.27 2 1
gedis/string.go:240.27,242.3 1 0
gedis/string.go:244.2,248.18 4 1
gedis/string.go:248.18,250.3 1 1
gedis/string.go:251.2,255.15 4 1
gedis/string.go:259.43,264.9 4 1
gedis/string.go:264.9,266.3 1 1
gedis/string.go:268.2,269.27 2 1
gedis/string.go:269.27,272.3 2 1
gedis/string.go:274.2,275.18 2 1
gedis/string.go:275.18,277.3 1 1
gedis/string.go:278.2,278.33 1 1
gedis/string.go:282.65,289.9 5 1
gedis/string.go:289.9,294.3 4 1
gedis/string.go:296.2,298.27 2 1
gedis/string.go:298.27,303.3 4 1
gedis/string.go:305.2,306.18 2 1
gedis/string.go:306.18,310.3 3 0
gedis/string.go:312.2,315.16 4 1
gedis/string.go:315.16,317.3 1 1
gedis/string.go:319.2,324.20 5 1
gedis/string.go:328.74,335.9 5 1
gedis/string.go:335.9,341.3 5 1
gedis/string.go:343.2,347.27 4 1
gedis/string.go:347.27,350.3 2 1
gedis/string.go:350.8,350.25 1 1
gedis/string.go:350.25,354.17 4 1
gedis/string.go:354.17,356.4 1 0
gedis/string.go:359.2,362.18 3 1
gedis/string.go:362.18,364.3 1 1
gedis/string.go:365.2,369.20 4 1
gedis/string.go:372.57,377.27 4 1
gedis/string.go:377.27,380.10 3 1
gedis/string.go:380.10,382.12 2 1
gedis/string.go:385.3,386.28 2 1
gedis/string.go:386.28,390.4 3 0
gedis/string.go:390.9,392.20 2 1
gedis/string.go:392.20,394.13 2 0
gedis/string.go:396.4,399.20 4 1
gedis/string.go:402.2,402.16 1 1
gedis/string.go:405.61,409.36 3 1
gedis/string.go:409.36,413.10 3 1
gedis/string.go:413.10,417.4 3 1
gedis/string.go:417.9,419.29 2 1
gedis/string.go:419.29,421.5 1 0
gedis/string.go:422.4,423.20 2 1
gedis/string.go:423.20,425.5 1 1
gedis/string.go:426.4,427.43 2 1
gedis/string.go:432.67,437.36 4 1
gedis/string.go:437.36,440.9 3 1
gedis/string.go:440.9,441.39 1 1
gedis/string.go:441.39,443.5 1 1
gedis/string.go:443.10,444.13 1 1
gedis/string.go:448.3,451.13 4 1
gedis/string.go:453.2,453.17 1 1
gedis/string.go:456.64,462.8 5 1
gedis/string.go:462.8,463.38 1 1
gedis/string.go:463.38,465.4 1 1
gedis/string.go:465.9,467.4 1 1
gedis/string.go:470.2,473.13 4 1
gedis/string.go:476.52,478.2 1 1
gedis/string.go:480.65,482.2 1 0
gedis/string.go:484.65,488.2 3 1
gedis/string.go:490.78,503.2 10 1
gedis/string.go:505.73,509.2 3 1
gedis/string.go:511.86,524.2 10 1
gedis/string.go:526.61,532.9 5 1
gedis/string.go:532.9,534.3 1 1
gedis/string.go:535.2,535.37 1 1
gedis/string.go:535.37,538.3 2 1
gedis/string.go:540.2,541.42 2 1
gedis/string.go:541.42,543.3 1 0
gedis/string.go:545.2,549.27 4 1
gedis/string.go:549.27,554.3 4 0
gedis/string.go:554.8,554.25 1 1
gedis/string.go:554.25,558.3 3 1
gedis/string.go:558.8,560.3 1 0
gedis/string.go:562.2,565.17 4 1
gedis/timeseries.go:41.41,41.59 1 1
gedis/timeseries.go:42.41,42.63 1 1
gedis/timeseries.go:43.41,43.63 1 1
gedis/timeseries.go:44.41,44.64 1 1
gedis/timeseries.go:45.41,45.64 1 1
gedis/timeseries.go:46.41,46.64 1 1
gedis/timeseries.go:47.42,47.65 1 1
gedis/timeseries.go:49.41,49.60 1 1
gedis/timeseries.go:50.41,50.64 1 1
gedis/timeseries.go:51.41,51.64 1 1
gedis/timeseries.go:52.41,52.65 1 1
gedis/timeseries.go:53.41,53.65 1 1
gedis/timeseries.go:54.41,54.78 1 1
gedis/timeseries.go:57.65,64.9 5 1
gedis/timeseries.go:64.9,78.3 11 1
gedis/timeseries.go:80.2,84.27 4 1
gedis/timeseries.go:84.27,91.3 6 1
gedis/timeseries.go:93.2,100.16 6 1
gedis/timeseries.go:100.16,102.3 1 0
gedis/timeseries.go:103.2,103.16 1 1
gedis/timeseries.go:103.16,105.3 1 1
gedis/timeseries.go:107.2,107.28 1 1
gedis/timeseries.go:111.101,118.9 5 1
gedis/timeseries.go:118.9,136.3 14 1
gedis/timeseries.go:138.2,142.27 4 1
gedis/timeseries.go:142.27,149.3 6 0
gedis/timeseries.go:151.2,158.16 6 1
gedis/timeseries.go:158.16,160.3 1 0
gedis/timeseries.go:161.2,161.16 1 1
gedis/timeseries.go:161.16,163.3 1 1
gedis/timeseries.go:165.2,165.28 1 1
gedis/timeseries.go:169.62,174.9 4 1
gedis/timeseries.go:174.9,176.3 1 1
gedis/timeseries.go:178.2,180.16 3 1
gedis/timeseries.go:180.16,182.3 1 1
gedis/timeseries.go:184.2,187.28 4 1
gedis/timeseries.go:187.28,190.37 3 1
gedis/timeseries.go:190.37,192.4 1 1
gedis/timeseries.go:193.3,194.46 2 1
gedis/timeseries.go:196.2,196.15 1 1
gedis/timeseries.go:200.69,202.27 2 1
gedis/timeseries.go:202.27,205.3 2 1
gedis/timeseries.go:206.2,206.14 1 1
gedis/timeseries.go:210.72,215.9 4 1
gedis/timeseries.go:215.9,217.3 1 0
gedis/timeseries.go:219.2,223.20 4 1
gedis/timeseries.go:223.20,227.51 3 1
gedis/timeseries.go:227.51,231.27 3 1
gedis/timeseries.go:231.27,234.35 3 1
gedis/timeseries.go:234.35,236.6 1 1
gedis/timeseries.go:240.3,240.25 1 1
gedis/timeseries.go:240.25,241.9 1 0
gedis/timeseries.go:244.3,244.61 1 1
gedis/timeseries.go:247.2,247.15 1 1
gedis/timeseries.go:250.62,255.9 4 1
gedis/timeseries.go:255.9,257.3 1 1
gedis/timeseries.go:259.2,261.23 3 1
gedis/timeseries.go:261.23,263.3 1 0
gedis/timeseries.go:265.2,266.12 2 1
gedis/timeseries.go:266.12,268.3 1 0
gedis/timeseries.go:270.2,274.19 5 1
gedis/timeseries.go:277.64,282.9 4 1
gedis/timeseries.go:282.9,284.3 1 1
gedis/timeseries.go:286.2,290.20 4 1
gedis/timeseries.go:290.20,294.51 3 1
gedis/timeseries.go:294.51,299.27 4 1
gedis/timeseries.go:299.27,302.33 3 1
gedis/timeseries.go:302.33,304.6 1 1
gedis/timeseries.go:304.11,306.6 1 1
gedis/timeseries.go:309.4,310.28 2 1
gedis/timeseries.go:310.28,312.5 1 1
gedis/timeseries.go:315.3,315.25 1 1
gedis/timeseries.go:315.25,316.9 1 0
gedis/timeseries.go:319.3,319.61 1 1
gedis/timeseries.go:322.2,325.16 3 1
gedis/timeseries.go:328.37,336.2 7 1
gedis/timeseries.go:338.83,348.21 8 1
gedis/timeseries.go:348.21,350.3 1 0
gedis/timeseries.go:351.2,351.21 1 1
gedis/timeseries.go:351.21,353.3 1 1
gedis/ziplist.go:46.35,54.2 7 1
gedis/ziplist.go:58.59,58.98 1 1
gedis/ziplist.go:59.59,59.98 1 1
gedis/ziplist.go:60.59,60.102 1 1
gedis/ziplist.go:61.59,61.100 1 1
gedis/ziplist.go:62.59,62.102 1 1
gedis/ziplist.go:63.59,63.100 1 1
gedis/ziplist.go:66.62,69.23 3 1
gedis/ziplist.go:69.23,71.3 1 1
gedis/ziplist.go:72.2,76.23 5 1
gedis/ziplist.go:76.23,78.3 1 1
gedis/ziplist.go:79.2,80.15 2 1
gedis/ziplist.go:87.85,89.27 2 1
gedis/ziplist.go:89.27,91.3 1 1
gedis/ziplist.go:92.2,92.74 1 1
gedis/ziplist.go:96.71,97.33 1 1
gedis/ziplist.go:97.33,100.3 2 1
gedis/ziplist.go:101.2,103.10 3 1
gedis/ziplist.go:118.96,120.15 2 1
gedis/ziplist.go:120.15,122.3 1 1
gedis/ziplist.go:123.2,123.15 1 1
gedis/ziplist.go:123.15,127.3 3 1
gedis/ziplist.go:128.2,128.15 1 1
gedis/ziplist.go:128.15,131.3 2 1
gedis/ziplist.go:132.2,132.28 1 1
gedis/ziplist.go:132.28,134.3 1 1
gedis/ziplist.go:135.2,135.15 1 1
gedis/ziplist.go:135.15,137.3 1 1
gedis/ziplist.go:138.2,138.15 1 0
gedis/ziplist.go:138.15,140.3 1 0
gedis/ziplist.go:141.2,141.15 1 0
gedis/ziplist.go:141.15,143.3 1 0
gedis/ziplist.go:144.2,144.15 1 0
gedis/ziplist.go:144.15,146.3 1 0
gedis/ziplist.go:147.2,147.24 1 0
gedis/ziplist.go:151.82,155.23 3 1
gedis/ziplist.go:155.23,158.3 2 1
gedis/ziplist.go:158.8,158.32 1 1
gedis/ziplist.go:158.32,162.3 3 1
gedis/ziplist.go:162.8,166.3 3 1
gedis/ziplist.go:167.2,169.23 3 1
gedis/ziplist.go:173.83,177.27 3 1
gedis/ziplist.go:177.27,180.3 2 1
gedis/ziplist.go:180.8,180.53 1 1
gedis/ziplist.go:180.53,184.3 3 1
gedis/ziplist.go:184.8,184.55 1 0
gedis/ziplist.go:184.55,188.3 3 0
gedis/ziplist.go:188.8,188.55 1 0
gedis/ziplist.go:188.55,192.3 3 0
gedis/ziplist.go:192.8,196.3 3 0
gedis/ziplist.go:197.2,197.23 1 1
gedis/ziplist.go:201.84,203.28 2 1
gedis/ziplist.go:203.28,205.3 1 1
gedis/ziplist.go:206.2,206.11 1 1
gedis/ziplist.go:207.12,208.68 1 1
gedis/ziplist.go:209.12,210.71 1 0
gedis/ziplist.go:211.12,212.71 1 0
gedis/ziplist.go:213.12,214.64 1 0
gedis/ziplist.go:216.2,216.13 1 0
gedis/ziplist.go:220.62,223.11 3 1
gedis/ziplist.go:223.11,225.3 1 1
gedis/ziplist.go:226.2,227.43 2 1
gedis/ziplist.go:232.75,235.12 3 1
gedis/ziplist.go:235.12,237.3 1 0
gedis/ziplist.go:238.2,238.25 1 1
gedis/ziplist.go:238.25,240.3 1 1
gedis/ziplist.go:241.2,243.23 3 1
gedis/ziplist.go:243.23,244.26 1 1
gedis/ziplist.go:244.26,246.4 1 1
gedis/ziplist.go:248.2,248.13 1 1
gedis/ziplist.go:252.53,254.34 2 1
gedis/ziplist.go:254.34,256.3 1 1
gedis/ziplist.go:257.2,258.22 2 1
gedis/ziplist.go:258.22,260.3 1 1
gedis/ziplist.go:261.2,261.24 1 1
gedis/ziplist.go:261.24,263.3 1 1
gedis/ziplist.go:264.2,264.37 1 1
gedis/ziplist.go:267.54,269.34 2 1
gedis/ziplist.go:269.34,271.3 1 0
gedis/ziplist.go:272.2,273.27 2 1
gedis/ziplist.go:273.27,275.3 1 1
gedis/ziplist.go:275.8,275.53 1 1
gedis/ziplist.go:275.53,277.3 1 1
gedis/ziplist.go:277.8,277.55 1 0
gedis/ziplist.go:277.55,279.3 1 0
gedis/ziplist.go:279.8,279.55 1 0
gedis/ziplist.go:279.55,281.3 1 0
gedis/ziplist.go:281.8,283.3 1 0
gedis/ziplist.go:284.2,284.25 1 1
gedis/ziplist.go:287.46,288.20 1 1
gedis/ziplist.go:288.20,290.3 1 0
gedis/ziplist.go:291.2,293.20 3 1
gedis/ziplist.go:293.20,296.3 2 0
gedis/ziplist.go:296.8,296.27 1 1
gedis/ziplist.go:296.27,298.3 1 0
gedis/ziplist.go:299.2,299.20 1 1
gedis/ziplist.go:299.20,301.3 1 0
gedis/ziplist.go:302.2,302.25 1 1
gedis/ziplist.go:302.25,303.25 1 1
gedis/ziplist.go:303.25,305.4 1 1
gedis/ziplist.go:306.3,306.30 1 1
gedis/ziplist.go:308.2,308.9 1 1
gedis/ziplist.go:308.9,310.3 1 0
gedis/ziplist.go:311.2,311.18 1 1
gedis/ziplist.go:315.60,319.2 3 1
gedis/ziplist.go:322.60,323.16 1 1
gedis/ziplist.go:323.16,325.3 1 0
gedis/ziplist.go:326.2,327.14 2 1
gedis/ziplist.go:327.14,329.3 1 0
gedis/ziplist.go:330.2,331.27 2 1
gedis/ziplist.go:331.27,333.34 2 1
gedis/ziplist.go:333.34,335.4 1 1
gedis/ziplist.go:336.3,336.43 1 1
gedis/ziplist.go:338.2,338.11 1 1
gedis/ziplist.go:342.60,343.29 1 1
gedis/ziplist.go:343.29,345.3 1 0
gedis/ziplist.go:346.2,347.18 2 1
gedis/ziplist.go:347.18,349.3 1 0
gedis/ziplist.go:350.2,351.29 2 1
gedis/ziplist.go:351.29,353.3 1 1
gedis/ziplist.go:354.2,354.41 1 1
gedis/ziplist.go:358.75,366.24 6 1
gedis/ziplist.go:366.24,369.3 2 1
gedis/ziplist.go:369.8,371.28 2 1
gedis/ziplist.go:371.28,373.4 1 1
gedis/ziplist.go:374.3,376.62 3 1
gedis/ziplist.go:379.2,383.65 4 1
gedis/ziplist.go:383.65,385.3 1 1
gedis/ziplist.go:385.8,387.3 1 1
gedis/ziplist.go:388.2,393.20 5 1
gedis/ziplist.go:393.20,395.3 1 1
gedis/ziplist.go:397.2,397.20 1 1
gedis/ziplist.go:397.20,399.3 1 1
gedis/ziplist.go:399.8,401.3 1 1
gedis/ziplist.go:403.2,403.13 1 1
gedis/ziplist.go:403.13,405.37 2 1
gedis/ziplist.go:405.37,407.4 1 1
gedis/ziplist.go:410.2,411.12 2 1
gedis/ziplist.go:411.12,413.3 1 1
gedis/ziplist.go:413.8,415.3 1 1
gedis/ziplist.go:417.2,417.14 1 1
gedis/ziplist.go:421.60,422.16 1 1
gedis/ziplist.go:422.16,424.3 1 0
gedis/ziplist.go:425.2,426.31 2 1
gedis/ziplist.go:426.31,428.3 1 0
gedis/ziplist.go:430.2,431.29 2 1
gedis/ziplist.go:431.29,433.3 1 1
gedis/ziplist.go:435.2,440.20 5 1
gedis/ziplist.go:440.20,442.3 1 1
gedis/ziplist.go:444.2,446.20 3 1
gedis/ziplist.go:446.20,448.3 1 1
gedis/ziplist.go:450.2,450.20 1 1
gedis/ziplist.go:450.20,452.3 1 1
gedis/ziplist.go:454.2,458.16 4 1
gedis/ziplist.go:458.16,460.3 1 1
gedis/ziplist.go:462.2,462.14 1 1
gedis/ziplist.go:466.46,467.16 1 1
gedis/ziplist.go:467.16,469.3 1 0
gedis/ziplist.go:470.2,470.40 1 1
gedis/ziplist.go:474.35,475.22 1 1
gedis/ziplist.go:475.22,477.3 1 1
gedis/ziplist.go:478.2,478.19 1 1
gedis/ziplist.go:478.19,479.19 1 1
gedis/ziplist.go:479.19,481.4 1 1
gedis/ziplist.go:483.2,483.13 1 1
gedis/zset.go:31.71,36.2 4 1
gedis/zset.go:39.84,46.9 5 1
gedis/zset.go:46.9,50.19 4 1
gedis/zset.go:50.19,53.4 2 0
gedis/zset.go:55.3,63.11 8 1
gedis/zset.go:66.2,69.32 3 1
gedis/zset.go:69.32,73.19 4 1
gedis/zset.go:73.19,76.4 2 0
gedis/zset.go:77.3,78.11 2 1
gedis/zset.go:81.2,81.10 1 0
gedis/zset.go:85.57,90.2 4 1
gedis/zset.go:93.70,99.9 5 1
gedis/zset.go:99.9,101.3 1 1
gedis/zset.go:103.2,106.32 3 1
gedis/zset.go:106.32,112.14 5 1
gedis/zset.go:112.14,116.43 4 1
gedis/zset.go:116.43,119.10 3 1
gedis/zset.go:121.4,121.68 1 1
gedis/zset.go:124.3,124.13 1 1
gedis/zset.go:124.13,126.4 1 1
gedis/zset.go:128.3,132.13 4 1
gedis/zset.go:132.13,134.23 2 1
gedis/zset.go:134.23,137.5 2 1
gedis/zset.go:139.3,139.16 1 1
gedis/zset.go:142.2,142.14 1 0
gedis/zset.go:146.70,151.2 4 1
gedis/zset.go:154.83,160.9 5 1
gedis/zset.go:160.9,162.3 1 1
gedis/zset.go:164.2,167.32 3 1
gedis/zset.go:167.32,170.14 3 1
gedis/zset.go:170.14,174.43 4 1
gedis/zset.go:174.43,176.5 1 1
gedis/zset.go:177.4,177.68 1 1
gedis/zset.go:181.2,181.17 1 1
gedis/zset.go:185.65,191.9 5 1
gedis/zset.go:191.9,193.3 1 1
gedis/zset.go:195.2,198.32 3 1
gedis/zset.go:198.32,202.16 3 1
gedis/zset.go:202.16,204.4 1 0
gedis/zset.go:205.3,205.15 1 1
gedis/zset.go:205.15,207.4 1 1
gedis/zset.go:208.3,208.16 1 1
gedis/zset.go:208.16,210.4 1 0
gedis/zset.go:211.3,211.16 1 1
gedis/zset.go:211.16,213.4 1 0
gedis/zset.go:214.3,214.19 1 1
gedis/zset.go:214.19,216.4 1 0
gedis/zset.go:218.3,221.14 4 1
gedis/zset.go:221.14,222.20 1 1
gedis/zset.go:222.20,225.5 2 1
gedis/zset.go:226.4,226.19 1 1
gedis/zset.go:226.19,227.10 1 1
gedis/zset.go:229.4,230.9 2 1
gedis/zset.go:233.3,237.14 5 1
gedis/zset.go:237.14,238.35 1 1
gedis/zset.go:238.35,243.5 4 1
gedis/zset.go:244.4,244.18 1 1
gedis/zset.go:244.18,245.10 1 0
gedis/zset.go:247.4,248.9 2 1
gedis/zset.go:250.3,253.16 4 1
gedis/zset.go:256.2,256.12 1 0
gedis/zset.go:261.84,267.9 5 1
gedis/zset.go:267.9,269.3 1 1
gedis/zset.go:271.2,274.32 3 1
gedis/zset.go:274.32,278.16 3 1
gedis/zset.go:278.16,280.4 1 1
gedis/zset.go:281.3,281.15 1 1
gedis/zset.go:281.15,283.4 1 1
gedis/zset.go:284.3,284.16 1 1
gedis/zset.go:284.16,286.4 1 0
gedis/zset.go:287.3,287.16 1 1
gedis/zset.go:287.16,289.4 1 1
gedis/zset.go:290.3,290.19 1 1
gedis/zset.go:290.19,292.4 1 1
gedis/zset.go:294.3,296.14 3 1
gedis/zset.go:296.14,297.35 1 1
gedis/zset.go:297.35,300.5 2 1
gedis/zset.go:301.4,301.18 1 1
gedis/zset.go:301.18,302.10 1 1
gedis/zset.go:304.4,305.9 2 1
gedis/zset.go:312.88,318.9 5 1
gedis/zset.go:318.9,320.3 1 1
gedis/zset.go:322.2,325.32 3 1
gedis/zset.go:325.32,329.16 3 1
gedis/zset.go:329.16,331.4 1 1
gedis/zset.go:332.3,332.15 1 1
gedis/zset.go:332.15,334.4 1 1
gedis/zset.go:335.3,335.16 1 1
gedis/zset.go:335.16,337.4 1 0
gedis/zset.go:338.3,338.16 1 1
gedis/zset.go:338.16,340.4 1 0
gedis/zset.go:341.3,341.19 1 1
gedis/zset.go:341.19,343.4 1 0
gedis/zset.go:345.3,350.14 5 1
gedis/zset.go:350.14,351.35 1 1
gedis/zset.go:351.35,357.5 5 1
gedis/zset.go:358.4,358.18 1 1
gedis/zset.go:358.18,359.10 1 0
gedis/zset.go:361.4,362.9 2 1
gedis/zset.go:364.3,365.25 2 1
gedis/zset.go:368.2,368.17 1 0
gedis/zset.go:372.73,378.9 5 1
gedis/zset.go:378.9,380.3 1 1
gedis/zset.go:382.2,385.32 3 1
gedis/zset.go:385.32,390.14 4 1
gedis/zset.go:390.14,392.36 2 1
gedis/zset.go:392.36,396.5 3 1
gedis/zset.go:397.4,397.19 1 1
gedis/zset.go:397.19,398.10 1 1
gedis/zset.go:400.4,400.68 1 1
gedis/zset.go:402.3,403.16 2 1
gedis/zset.go:406.2,406.12 1 0
gedis/zset.go:410.71,416.9 5 1
gedis/zset.go:416.9,418.3 1 1
gedis/zset.go:420.2,423.32 3 1
gedis/zset.go:423.32,428.14 4 1
gedis/zset.go:428.14,431.36 3 1
gedis/zset.go:431.36,434.41 3 1
gedis/zset.go:434.41,435.10 1 1
gedis/zset.go:435.10,437.31 2 1
gedis/zset.go:437.31,439.13 2 1
gedis/zset.go:441.7,442.27 2 1
gedis/zset.go:442.27,444.13 2 1
gedis/zset.go:446.7,446.16 1 0
gedis/zset.go:449.5,450.14 2 1
gedis/zset.go:452.4,452.12 1 1
gedis/zset.go:455.3,456.22 2 1
gedis/zset.go:456.22,459.4 2 1
gedis/zset.go:460.3,460.17 1 1
gedis/zset.go:463.2,463.10 1 0
gedis/zset.go:467.42,473.9 5 1
gedis/zset.go:473.9,475.3 1 1
gedis/zset.go:477.2,480.32 3 1
gedis/zset.go:480.32,483.3 2 1
gedis/zset.go:485.2,485.31 1 1
gedis/zset.go:485.31,488.3 2 1
gedis/zset.go:490.2,490.10 1 0
gedis/zset.go:493.61,499.9 5 1
gedis/zset.go:499.9,501.3 1 1
gedis/zset.go:503.2,507.32 4 1
gedis/zset.go:507.32,510.14 3 1
gedis/zset.go:510.14,512.36 2 1
gedis/zset.go:512.36,514.5 1 1
gedis/zset.go:515.4,515.19 1 1
gedis/zset.go:515.19,516.10 1 1
gedis/zset.go:518.4,518.68 1 1
gedis/zset.go:520.8,520.38 1 0
gedis/zset.go:520.38,524.29 4 0
gedis/zset.go:524.29,527.36 3 0
gedis/zset.go:527.36,529.5 1 0
gedis/zset.go:530.4,531.47 2 0
gedis/zset.go:535.2,535.14 1 1
gedis/zset.go:538.63,544.9 5 1
gedis/zset.go:544.9,546.3 1 1
gedis/zset.go:548.2,552.32 4 1
gedis/zset.go:552.32,555.14 3 1
gedis/zset.go:555.14,561.34 5 1
gedis/zset.go:561.34,562.22 1 1
gedis/zset.go:562.22,564.6 1 1
gedis/zset.go:564.11,566.6 1 1
gedis/zset.go:569.4,570.34 2 1
gedis/zset.go:570.34,571.22 1 1
gedis/zset.go:571.22,573.6 1 0
gedis/zset.go:573.11,575.6 1 1
gedis/zset.go:578.4,578.22 1 1
gedis/zset.go:578.22,580.5 1 1
gedis/zset.go:582.4,582.37 1 1
gedis/zset.go:582.37,583.10 1 0
gedis/zset.go:585.4,585.68 1 1
gedis/zset.go:589.2,589.14 1 1
gedis/zset.go:592.70,598.9 5 1
gedis/zset.go:598.9,600.3 1 1
gedis/zset.go:602.2,605.32 3 1
gedis/zset.go:605.32,610.14 4 1
gedis/zset.go:610.14,616.34 5 1
gedis/zset.go:616.34,617.22 1 1
gedis/zset.go:617.22,619.6 1 0
gedis/zset.go:619.11,621.6 1 1
gedis/zset.go:624.4,625.34 2 1
gedis/zset.go:625.34,626.22 1 1
gedis/zset.go:626.22,628.6 1 0
gedis/zset.go:628.11,630.6 1 1
gedis/zset.go:633.4,633.22 1 1
gedis/zset.go:633.22,635.5 1 1
gedis/zset.go:637.4,637.37 1 1
gedis/zset.go:637.37,638.10 1 0
gedis/zset.go:640.4,640.68 1 1
gedis/zset.go:642.3,643.16 2 1
gedis/zset.go:646.2,646.12 1 0
gedis/zset.go:649.60,656.2 1 1
gedis/zset.go:658.64,663.2 4 1
gedis/zset.go:665.65,671.9 5 1
gedis/zset.go:671.9,673.3 1 1
gedis/zset.go:675.2,678.32 3 1
gedis/zset.go:678.32,684.10 5 1
gedis/zset.go:684.10,686.4 1 1
gedis/zset.go:688.3,689.16 2 1
gedis/zset.go:689.16,691.4 1 0
gedis/zset.go:692.3,692.24 1 1
gedis/zset.go:694.2,694.17 1 0
gedis/zset.go:697.68,703.9 5 1
gedis/zset.go:703.9,705.3 1 1
gedis/zset.go:707.2,710.32 3 1
gedis/zset.go:710.32,713.10 3 1
gedis/zset.go:713.10,715.4 1 1
gedis/zset.go:717.3,721.16 4 1
gedis/zset.go:721.16,723.4 1 0
gedis/zset.go:724.3,724.33 1 1
gedis/zset.go:726.2,726.17 1 0
gedis/zset.go:729.78,736.9 5 1
gedis/zset.go:736.9,744.3 7 1
gedis/zset.go:746.2,749.32 3 1
gedis/zset.go:749.32,755.14 5 1
gedis/zset.go:755.14,759.35 4 1
gedis/zset.go:759.35,762.10 3 1
gedis/zset.go:764.4,764.68 1 0
gedis/zset.go:767.3,767.13 1 1
gedis/zset.go:767.13,773.4 5 0
gedis/zset.go:774.3,779.18 6 1
gedis/zset.go:782.2,782.31 1 0
gedis/zset.go:782.31,786.29 4 0
gedis/zset.go:786.29,787.53 1 0
gedis/zset.go:787.53,796.5 8 0
gedis/zset.go:797.4,798.47 2 0
gedis/zset.go:800.3,805.18 6 0
gedis/zset.go:807.2,807.14 1 0
gedis/zset.go:810.60,816.9 5 1
gedis/zset.go:816.9,818.3 1 1
gedis/zset.go:820.2,824.32 4 1
gedis/zset.go:824.32,826.48 2 1
gedis/zset.go:826.48,828.14 2 1
gedis/zset.go:828.14,829.10 1 0
gedis/zset.go:831.4,835.47 5 1
gedis/zset.go:837.3,838.22 2 1
gedis/zset.go:838.22,841.4 2 1
gedis/zset.go:843.2,844.15 2 1
gedis/zset.go:847.128,848.41 1 1
gedis/zset.go:848.41,849.28 1 1
gedis/zset.go:849.28,857.10 7 1
gedis/zset.go:857.10,861.35 3 1
gedis/zset.go:861.35,863.24 2 1
gedis/zset.go:863.24,865.25 2 1
gedis/zset.go:865.25,867.8 1 1
gedis/zset.go:867.13,869.8 1 1
gedis/zset.go:870.7,870.23 1 1
gedis/zset.go:870.23,879.27 8 1
gedis/zset.go:879.27,882.9 2 0
gedis/zset.go:882.14,884.9 1 1
gedis/zset.go:885.8,885.20 1 1
gedis/zset.go:890.4,892.13 2 1
gedis/zset.go:892.13,894.5 1 1
gedis/zset.go:896.3,896.37 1 1
gedis/zset.go:898.2,898.26 1 1
gedis/zset.go:901.60,907.9 5 1
gedis/zset.go:907.9,909.3 1 1
gedis/zset.go:911.2,915.32 4 1
gedis/zset.go:915.32,924.14 5 1
gedis/zset.go:924.14,928.4 3 1
gedis/zset.go:930.3,932.47 3 1
gedis/zset.go:932.47,933.50 1 1
gedis/zset.go:933.50,934.60 1 1
gedis/zset.go:934.60,936.6 1 1
gedis/zset.go:940.3,941.38 2 1
gedis/zset.go:941.38,943.4 1 0
gedis/zset.go:944.3,944.33 1 1
gedis/zset.go:944.33,951.4 6 1
gedis/zset.go:953.3,954.22 2 1
gedis/zset.go:954.22,957.4 2 0
gedis/zset.go:959.2,960.15 2 1
gedis/zslices.go:24.28,30.2 3 1
gedis/zslices.go:33.37,38.2 4 1
gedis/zslices.go:41.40,43.2 1 1
gedis/zslices.go:46.30,47.22 1 1
gedis/zslices.go:47.22,49.3 1 0
gedis/zslices.go:50.2,50.60 1 1
gedis/zslices.go:54.38,55.28 1 1
gedis/zslices.go:55.28,57.3 1 1
gedis/zslices.go:58.2,61.31 3 1
gedis/zslices.go:61.31,62.24 1 1
gedis/zslices.go:62.24,64.4 1 0
gedis/zslices.go:65.3,66.16 2 1
gedis/zslices.go:69.2,69.23 1 1
gedis/zslices.go:69.23,71.3 1 0
gedis/zslices.go:72.2,75.21 4 1
gedis/zslices.go:75.21,77.3 1 0
gedis/zslices.go:78.2,78.24 1 1
gedis/zslices.go:82.29,83.22 1 1
gedis/zslices.go:83.22,85.3 1 0
gedis/zslices.go:86.2,89.22 4 1
gedis/zslices.go:89.22,90.24 1 1
gedis/zslices.go:90.24,91.9 1 0
gedis/zslices.go:93.3,95.10 3 1
gedis/zslices.go:97.2,97.56 1 1
gedis/zslices.go:101.35,103.2 1 1
gedis/zslices.go:106.34,107.19 1 1
gedis/zslices.go:107.19,109.3 1 1
gedis/zslices.go:110.2,110.12 1 0
